Classic Timing Analyzer report for autoseller
Sun May 14 19:01:40 2017
Quartus II Version 9.1 Build 222 10/21/2009 SJ Full Version


---------------------
; Table of Contents ;
---------------------
  1. Legal Notice
  2. Timing Analyzer Summary
  3. Timing Analyzer Settings
  4. Clock Settings Summary
  5. Parallel Compilation
  6. Clock Setup: 'CLK'
  7. tsu
  8. tco
  9. th
 10. Timing Analyzer Messages



----------------
; Legal Notice ;
----------------
Copyright (C) 1991-2009 Altera Corporation
Your use of Altera Corporation's design tools, logic functions 
and other software and tools, and its AMPP partner logic 
functions, and any output files from any of the foregoing 
(including device programming or simulation files), and any 
associated documentation or information are expressly subject 
to the terms and conditions of the Altera Program License 
Subscription Agreement, Altera MegaCore Function License 
Agreement, or other applicable license agreement, including, 
without limitation, that your use is for the sole purpose of 
programming logic devices manufactured by Altera and sold by 
Altera or its authorized distributors.  Please refer to the 
applicable agreement for further details.



+------------------------------------------------------------------------------------------------------------------------------------------------------------------------------------------------------+
; Timing Analyzer Summary                                                                                                                                                                              ;
+------------------------------+-------+---------------+------------------------------------------------+---------------------------+---------------------------+------------+----------+--------------+
; Type                         ; Slack ; Required Time ; Actual Time                                    ; From                      ; To                        ; From Clock ; To Clock ; Failed Paths ;
+------------------------------+-------+---------------+------------------------------------------------+---------------------------+---------------------------+------------+----------+--------------+
; Worst-case tsu               ; N/A   ; None          ; 2.086 ns                                       ; Y                         ; seller:inst|cur_state.st0 ; --         ; CLK      ; 0            ;
; Worst-case tco               ; N/A   ; None          ; 9.088 ns                                       ; seller:inst|output[0]     ; S                         ; CLK        ; --       ; 0            ;
; Worst-case th                ; N/A   ; None          ; -1.327 ns                                      ; X                         ; seller:inst|output[1]     ; --         ; CLK      ; 0            ;
; Clock Setup: 'CLK'           ; N/A   ; None          ; Restricted to 304.04 MHz ( period = 3.289 ns ) ; seller:inst|cur_state.st1 ; seller:inst|output[0]     ; CLK        ; CLK      ; 0            ;
; Total number of failed paths ;       ;               ;                                                ;                           ;                           ;            ;          ; 0            ;
+------------------------------+-------+---------------+------------------------------------------------+---------------------------+---------------------------+------------+----------+--------------+


+-----------------------------------------------------------------------------------------------------------------------------------------------------+
; Timing Analyzer Settings                                                                                                                            ;
+------------------------------------------------------------------------------------------------------+--------------------+------+----+-------------+
; Option                                                                                               ; Setting            ; From ; To ; Entity Name ;
+------------------------------------------------------------------------------------------------------+--------------------+------+----+-------------+
; Device Name                                                                                          ; EPM570T100C5       ;      ;    ;             ;
; Timing Models                                                                                        ; Final              ;      ;    ;             ;
; Default hold multicycle                                                                              ; Same as Multicycle ;      ;    ;             ;
; Cut paths between unrelated clock domains                                                            ; On                 ;      ;    ;             ;
; Cut off read during write signal paths                                                               ; On                 ;      ;    ;             ;
; Cut off feedback from I/O pins                                                                       ; On                 ;      ;    ;             ;
; Report Combined Fast/Slow Timing                                                                     ; Off                ;      ;    ;             ;
; Ignore Clock Settings                                                                                ; Off                ;      ;    ;             ;
; Analyze latches as synchronous elements                                                              ; On                 ;      ;    ;             ;
; Enable Recovery/Removal analysis                                                                     ; Off                ;      ;    ;             ;
; Enable Clock Latency                                                                                 ; Off                ;      ;    ;             ;
; Use TimeQuest Timing Analyzer                                                                        ; Off                ;      ;    ;             ;
; Minimum Core Junction Temperature                                                                    ; 0                  ;      ;    ;             ;
; Maximum Core Junction Temperature                                                                    ; 85                 ;      ;    ;             ;
; Number of source nodes to report per destination node                                                ; 10                 ;      ;    ;             ;
; Number of destination nodes to report                                                                ; 10                 ;      ;    ;             ;
; Number of paths to report                                                                            ; 200                ;      ;    ;             ;
; Report Minimum Timing Checks                                                                         ; Off                ;      ;    ;             ;
; Use Fast Timing Models                                                                               ; Off                ;      ;    ;             ;
; Report IO Paths Separately                                                                           ; Off                ;      ;    ;             ;
; Perform Multicorner Analysis                                                                         ; Off                ;      ;    ;             ;
; Reports the worst-case path for each clock domain and analysis                                       ; Off                ;      ;    ;             ;
; Reports worst-case timing paths for each clock domain and analysis                                   ; On                 ;      ;    ;             ;
; Specifies the maximum number of worst-case timing paths to report for each clock domain and analysis ; 100                ;      ;    ;             ;
; Removes common clock path pessimism (CCPP) during slack computation                                  ; Off                ;      ;    ;             ;
; Output I/O Timing Endpoint                                                                           ; Near End           ;      ;    ;             ;
+------------------------------------------------------------------------------------------------------+--------------------+------+----+-------------+


+------------------------------------------------------------------------------------------------------------------------------------------------------------------------------------+
; Clock Settings Summary                                                                                                                                                             ;
+-----------------+--------------------+----------+------------------+---------------+--------------+----------+-----------------------+---------------------+--------+--------------+
; Clock Node Name ; Clock Setting Name ; Type     ; Fmax Requirement ; Early Latency ; Late Latency ; Based on ; Multiply Base Fmax by ; Divide Base Fmax by ; Offset ; Phase offset ;
+-----------------+--------------------+----------+------------------+---------------+--------------+----------+-----------------------+---------------------+--------+--------------+
; CLK             ;                    ; User Pin ; None             ; 0.000 ns      ; 0.000 ns     ; --       ; N/A                   ; N/A                 ; N/A    ;              ;
+-----------------+--------------------+----------+------------------+---------------+--------------+----------+-----------------------+---------------------+--------+--------------+


+------------------------------------------+
; Parallel Compilation                     ;
+----------------------------+-------------+
; Processors                 ; Number      ;
+----------------------------+-------------+
; Number detected on machine ; 2           ;
; Maximum allowed            ; 2           ;
;                            ;             ;
; Average used               ; 1.00        ;
; Maximum used               ; 1           ;
;                            ;             ;
; Usage by Processor         ; % Time Used ;
;     1 processor            ; 100.0%      ;
;     2 processors           ;   0.0%      ;
+----------------------------+-------------+


+----------------------------------------------------------------------------------------------------------------------------------------------------------------------------------------------------------------------------+
; Clock Setup: 'CLK'                                                                                                                                                                                                         ;
+-------+------------------------------------------------+---------------------------+---------------------------+------------+----------+-----------------------------+---------------------------+-------------------------+
; Slack ; Actual fmax (period)                           ; From                      ; To                        ; From Clock ; To Clock ; Required Setup Relationship ; Required Longest P2P Time ; Actual Longest P2P Time ;
+-------+------------------------------------------------+---------------------------+---------------------------+------------+----------+-----------------------------+---------------------------+-------------------------+
; N/A   ; Restricted to 304.04 MHz ( period = 3.289 ns ) ; seller:inst|cur_state.st1 ; seller:inst|output[0]     ; CLK        ; CLK      ; None                        ; None                      ; 2.249 ns                ;
; N/A   ; Restricted to 304.04 MHz ( period = 3.289 ns ) ; seller:inst|cur_state.st1 ; seller:inst|cur_state.st0 ; CLK        ; CLK      ; None                        ; None                      ; 2.247 ns                ;
; N/A   ; Restricted to 304.04 MHz ( period = 3.289 ns ) ; seller:inst|cur_state.st1 ; seller:inst|cur_state.st1 ; CLK        ; CLK      ; None                        ; None                      ; 2.239 ns                ;
; N/A   ; Restricted to 304.04 MHz ( period = 3.289 ns ) ; seller:inst|cur_state.st2 ; seller:inst|cur_state.st0 ; CLK        ; CLK      ; None                        ; None                      ; 1.916 ns                ;
; N/A   ; Restricted to 304.04 MHz ( period = 3.289 ns ) ; seller:inst|cur_state.st2 ; seller:inst|output[0]     ; CLK        ; CLK      ; None                        ; None                      ; 1.912 ns                ;
; N/A   ; Restricted to 304.04 MHz ( period = 3.289 ns ) ; seller:inst|cur_state.st2 ; seller:inst|output[1]     ; CLK        ; CLK      ; None                        ; None                      ; 1.772 ns                ;
; N/A   ; Restricted to 304.04 MHz ( period = 3.289 ns ) ; seller:inst|cur_state.st2 ; seller:inst|cur_state.st2 ; CLK        ; CLK      ; None                        ; None                      ; 1.763 ns                ;
; N/A   ; Restricted to 304.04 MHz ( period = 3.289 ns ) ; seller:inst|cur_state.st1 ; seller:inst|cur_state.st2 ; CLK        ; CLK      ; None                        ; None                      ; 1.500 ns                ;
; N/A   ; Restricted to 304.04 MHz ( period = 3.289 ns ) ; seller:inst|cur_state.st0 ; seller:inst|cur_state.st1 ; CLK        ; CLK      ; None                        ; None                      ; 1.498 ns                ;
+-------+------------------------------------------------+---------------------------+---------------------------+------------+----------+-----------------------------+---------------------------+-------------------------+


+---------------------------------------------------------------------------------+
; tsu                                                                             ;
+-------+--------------+------------+------+---------------------------+----------+
; Slack ; Required tsu ; Actual tsu ; From ; To                        ; To Clock ;
+-------+--------------+------------+------+---------------------------+----------+
; N/A   ; None         ; 2.086 ns   ; Y    ; seller:inst|cur_state.st0 ; CLK      ;
; N/A   ; None         ; 2.082 ns   ; Y    ; seller:inst|output[1]     ; CLK      ;
; N/A   ; None         ; 2.018 ns   ; X    ; seller:inst|cur_state.st2 ; CLK      ;
; N/A   ; None         ; 2.018 ns   ; X    ; seller:inst|output[0]     ; CLK      ;
; N/A   ; None         ; 1.986 ns   ; X    ; seller:inst|cur_state.st1 ; CLK      ;
; N/A   ; None         ; 1.932 ns   ; Y    ; seller:inst|output[0]     ; CLK      ;
; N/A   ; None         ; 1.931 ns   ; Y    ; seller:inst|cur_state.st2 ; CLK      ;
; N/A   ; None         ; 1.888 ns   ; Y    ; seller:inst|cur_state.st1 ; CLK      ;
; N/A   ; None         ; 1.888 ns   ; X    ; seller:inst|cur_state.st0 ; CLK      ;
; N/A   ; None         ; 1.881 ns   ; X    ; seller:inst|output[1]     ; CLK      ;
+-------+--------------+------------+------+---------------------------+----------+


+-----------------------------------------------------------------------------+
; tco                                                                         ;
+-------+--------------+------------+-----------------------+----+------------+
; Slack ; Required tco ; Actual tco ; From                  ; To ; From Clock ;
+-------+--------------+------------+-----------------------+----+------------+
; N/A   ; None         ; 9.088 ns   ; seller:inst|output[0] ; S  ; CLK        ;
; N/A   ; None         ; 7.153 ns   ; seller:inst|output[1] ; P  ; CLK        ;
+-------+--------------+------------+-----------------------+----+------------+


+---------------------------------------------------------------------------------------+
; th                                                                                    ;
+---------------+-------------+-----------+------+---------------------------+----------+
; Minimum Slack ; Required th ; Actual th ; From ; To                        ; To Clock ;
+---------------+-------------+-----------+------+---------------------------+----------+
; N/A           ; None        ; -1.327 ns ; X    ; seller:inst|output[1]     ; CLK      ;
; N/A           ; None        ; -1.334 ns ; Y    ; seller:inst|cur_state.st1 ; CLK      ;
; N/A           ; None        ; -1.334 ns ; X    ; seller:inst|cur_state.st0 ; CLK      ;
; N/A           ; None        ; -1.377 ns ; Y    ; seller:inst|cur_state.st2 ; CLK      ;
; N/A           ; None        ; -1.378 ns ; Y    ; seller:inst|output[0]     ; CLK      ;
; N/A           ; None        ; -1.432 ns ; X    ; seller:inst|cur_state.st1 ; CLK      ;
; N/A           ; None        ; -1.464 ns ; X    ; seller:inst|cur_state.st2 ; CLK      ;
; N/A           ; None        ; -1.464 ns ; X    ; seller:inst|output[0]     ; CLK      ;
; N/A           ; None        ; -1.528 ns ; Y    ; seller:inst|output[1]     ; CLK      ;
; N/A           ; None        ; -1.532 ns ; Y    ; seller:inst|cur_state.st0 ; CLK      ;
+---------------+-------------+-----------+------+---------------------------+----------+


+--------------------------+
; Timing Analyzer Messages ;
+--------------------------+
Info: *******************************************************************
Info: Running Quartus II Classic Timing Analyzer
    Info: Version 9.1 Build 222 10/21/2009 SJ Full Version
    Info: Processing started: Sun May 14 19:01:40 2017
Info: Command: quartus_tan --read_settings_files=off --write_settings_files=off autoseller -c autoseller
Info: Parallel compilation is enabled and will use 2 of the 2 processors detected
Info: Started post-fitting delay annotation
Info: Delay annotation completed successfully
Warning: Found pins functioning as undefined clocks and/or memory enables
    Info: Assuming node "CLK" is an undefined clock
Info: Clock "CLK" Internal fmax is restricted to 304.04 MHz between source register "seller:inst|cur_state.st1" and destination register "seller:inst|output[0]"
    Info: fmax restricted to clock pin edge rate 3.289 ns. Expand message to see actual delay path.
        Info: + Longest register to register delay is 2.249 ns
            Info: 1: + IC(0.000 ns) + CELL(0.000 ns) = 0.000 ns; Loc. = LC_X4_Y7_N2; Fanout = 4; REG Node = 'seller:inst|cur_state.st1'
            Info: 2: + IC(1.445 ns) + CELL(0.804 ns) = 2.249 ns; Loc. = LC_X4_Y7_N5; Fanout = 1; REG Node = 'seller:inst|output[0]'
            Info: Total cell delay = 0.804 ns ( 35.75 % )
            Info: Total interconnect delay = 1.445 ns ( 64.25 % )
        Info: - Smallest clock skew is 0.000 ns
            Info: + Shortest clock path from clock "CLK" to destination register is 3.681 ns
                Info: 1: + IC(0.000 ns) + CELL(1.163 ns) = 1.163 ns; Loc. = PIN_12; Fanout = 5; CLK Node = 'CLK'
                Info: 2: + IC(1.600 ns) + CELL(0.918 ns) = 3.681 ns; Loc. = LC_X4_Y7_N5; Fanout = 1; REG Node = 'seller:inst|output[0]'
                Info: Total cell delay = 2.081 ns ( 56.53 % )
                Info: Total interconnect delay = 1.600 ns ( 43.47 % )
            Info: - Longest clock path from clock "CLK" to source register is 3.681 ns
                Info: 1: + IC(0.000 ns) + CELL(1.163 ns) = 1.163 ns; Loc. = PIN_12; Fanout = 5; CLK Node = 'CLK'
                Info: 2: + IC(1.600 ns) + CELL(0.918 ns) = 3.681 ns; Loc. = LC_X4_Y7_N2; Fanout = 4; REG Node = 'seller:inst|cur_state.st1'
                Info: Total cell delay = 2.081 ns ( 56.53 % )
                Info: Total interconnect delay = 1.600 ns ( 43.47 % )
        Info: + Micro clock to output delay of source is 0.376 ns
        Info: + Micro setup delay of destination is 0.333 ns
Info: tsu for register "seller:inst|cur_state.st0" (data pin = "Y", clock pin = "CLK") is 2.086 ns
    Info: + Longest pin to register delay is 5.434 ns
        Info: 1: + IC(0.000 ns) + CELL(1.132 ns) = 1.132 ns; Loc. = PIN_4; Fanout = 5; PIN Node = 'Y'
        Info: 2: + IC(3.119 ns) + CELL(1.183 ns) = 5.434 ns; Loc. = LC_X4_Y7_N9; Fanout = 1; REG Node = 'seller:inst|cur_state.st0'
        Info: Total cell delay = 2.315 ns ( 42.60 % )
        Info: Total interconnect delay = 3.119 ns ( 57.40 % )
    Info: + Micro setup delay of destination is 0.333 ns
    Info: - Shortest clock path from clock "CLK" to destination register is 3.681 ns
        Info: 1: + IC(0.000 ns) + CELL(1.163 ns) = 1.163 ns; Loc. = PIN_12; Fanout = 5; CLK Node = 'CLK'
        Info: 2: + IC(1.600 ns) + CELL(0.918 ns) = 3.681 ns; Loc. = LC_X4_Y7_N9; Fanout = 1; REG Node = 'seller:inst|cur_state.st0'
        Info: Total cell delay = 2.081 ns ( 56.53 % )
        Info: Total interconnect delay = 1.600 ns ( 43.47 % )
Info: tco from clock "CLK" to destination pin "S" through register "seller:inst|output[0]" is 9.088 ns
    Info: + Longest clock path from clock "CLK" to source register is 3.681 ns
        Info: 1: + IC(0.000 ns) + CELL(1.163 ns) = 1.163 ns; Loc. = PIN_12; Fanout = 5; CLK Node = 'CLK'
        Info: 2: + IC(1.600 ns) + CELL(0.918 ns) = 3.681 ns; Loc. = LC_X4_Y7_N5; Fanout = 1; REG Node = 'seller:inst|output[0]'
        Info: Total cell delay = 2.081 ns ( 56.53 % )
        Info: Total interconnect delay = 1.600 ns ( 43.47 % )
    Info: + Micro clock to output delay of source is 0.376 ns
    Info: + Longest register to pin delay is 5.031 ns
        Info: 1: + IC(0.000 ns) + CELL(0.000 ns) = 0.000 ns; Loc. = LC_X4_Y7_N5; Fanout = 1; REG Node = 'seller:inst|output[0]'
        Info: 2: + IC(2.709 ns) + CELL(2.322 ns) = 5.031 ns; Loc. = PIN_43; Fanout = 0; PIN Node = 'S'
        Info: Total cell delay = 2.322 ns ( 46.15 % )
        Info: Total interconnect delay = 2.709 ns ( 53.85 % )
Info: th for register "seller:inst|output[1]" (data pin = "X", clock pin = "CLK") is -1.327 ns
    Info: + Longest clock path from clock "CLK" to destination register is 3.681 ns
        Info: 1: + IC(0.000 ns) + CELL(1.163 ns) = 1.163 ns; Loc. = PIN_12; Fanout = 5; CLK Node = 'CLK'
        Info: 2: + IC(1.600 ns) + CELL(0.918 ns) = 3.681 ns; Loc. = LC_X4_Y7_N1; Fanout = 1; REG Node = 'seller:inst|output[1]'
        Info: Total cell delay = 2.081 ns ( 56.53 % )
        Info: Total interconnect delay = 1.600 ns ( 43.47 % )
    Info: + Micro hold delay of destination is 0.221 ns
    Info: - Shortest pin to register delay is 5.229 ns
        Info: 1: + IC(0.000 ns) + CELL(1.132 ns) = 1.132 ns; Loc. = PIN_74; Fanout = 5; PIN Node = 'X'
        Info: 2: + IC(3.036 ns) + CELL(1.061 ns) = 5.229 ns; Loc. = LC_X4_Y7_N1; Fanout = 1; REG Node = 'seller:inst|output[1]'
        Info: Total cell delay = 2.193 ns ( 41.94 % )
        Info: Total interconnect delay = 3.036 ns ( 58.06 % )
Info: Quartus II Classic Timing Analyzer was successful. 0 errors, 1 warning
    Info: Peak virtual memory: 199 megabytes
    Info: Processing ended: Sun May 14 19:01:40 2017
    Info: Elapsed time: 00:00:00
    Info: Total CPU time (on all processors): 00:00:00


