Analysis & Synthesis report for divider
Fri Apr 14 12:14:43 2017
Quartus II Version 9.1 Build 222 10/21/2009 SJ Full Version


---------------------
; Table of Contents ;
---------------------
  1. Legal Notice
  2. Analysis & Synthesis Summary
  3. Analysis & Synthesis Settings
  4. Parallel Compilation
  5. Analysis & Synthesis Source Files Read
  6. Analysis & Synthesis Resource Usage Summary
  7. Analysis & Synthesis Resource Utilization by Entity
  8. General Register Statistics
  9. Parameter Settings for User Entity Instance: 74283:inst1
 10. Parameter Settings for User Entity Instance: 74283:inst26
 11. Parameter Settings for User Entity Instance: 74161:inst2
 12. Parameter Settings for User Entity Instance: 7485:inst32
 13. Parameter Settings for User Entity Instance: 74283:inst30
 14. Analysis & Synthesis Messages



----------------
; Legal Notice ;
----------------
Copyright (C) 1991-2009 Altera Corporation
Your use of Altera Corporation's design tools, logic functions 
and other software and tools, and its AMPP partner logic 
functions, and any output files from any of the foregoing 
(including device programming or simulation files), and any 
associated documentation or information are expressly subject 
to the terms and conditions of the Altera Program License 
Subscription Agreement, Altera MegaCore Function License 
Agreement, or other applicable license agreement, including, 
without limitation, that your use is for the sole purpose of 
programming logic devices manufactured by Altera and sold by 
Altera or its authorized distributors.  Please refer to the 
applicable agreement for further details.



+---------------------------------------------------------------------------+
; Analysis & Synthesis Summary                                              ;
+--------------------------------+------------------------------------------+
; Analysis & Synthesis Status    ; Successful - Fri Apr 14 12:14:43 2017    ;
; Quartus II Version             ; 9.1 Build 222 10/21/2009 SJ Full Version ;
; Revision Name                  ; divider                                  ;
; Top-level Entity Name          ; divider                                  ;
; Family                         ; Stratix II GX                            ;
; Logic utilization              ; N/A                                      ;
;     Combinational ALUTs        ; 24                                       ;
;     Dedicated logic registers  ; 8                                        ;
; Total registers                ; 8                                        ;
; Total pins                     ; 25                                       ;
; Total virtual pins             ; 0                                        ;
; Total block memory bits        ; 0                                        ;
; DSP block 9-bit elements       ; 0                                        ;
; Total GXB Receiver Channels    ; 0                                        ;
; Total GXB Transmitter Channels ; 0                                        ;
; Total PLLs                     ; 0                                        ;
; Total DLLs                     ; 0                                        ;
+--------------------------------+------------------------------------------+


+----------------------------------------------------------------------------------------------------------------------+
; Analysis & Synthesis Settings                                                                                        ;
+----------------------------------------------------------------------------+--------------------+--------------------+
; Option                                                                     ; Setting            ; Default Value      ;
+----------------------------------------------------------------------------+--------------------+--------------------+
; Device                                                                     ; EP2SGX130GF1508C3  ;                    ;
; Top-level entity name                                                      ; divider            ; divider            ;
; Family name                                                                ; Stratix II GX      ; Stratix II         ;
; Power-Up Don't Care                                                        ; Off                ; On                 ;
; Type of Retiming Performed During Resynthesis                              ; Full               ;                    ;
; Resynthesis Optimization Effort                                            ; Normal             ;                    ;
; Physical Synthesis Level for Resynthesis                                   ; Normal             ;                    ;
; Use Generated Physical Constraints File                                    ; Off                ;                    ;
; Use smart compilation                                                      ; Off                ; Off                ;
; Enable parallel Assembler and TimeQuest Timing Analyzer during compilation ; On                 ; On                 ;
; Enable compact report table                                                ; Off                ; Off                ;
; Restructure Multiplexers                                                   ; Auto               ; Auto               ;
; Create Debugging Nodes for IP Cores                                        ; Off                ; Off                ;
; Preserve fewer node names                                                  ; On                 ; On                 ;
; Disable OpenCore Plus hardware evaluation                                  ; Off                ; Off                ;
; Verilog Version                                                            ; Verilog_2001       ; Verilog_2001       ;
; VHDL Version                                                               ; VHDL_1993          ; VHDL_1993          ;
; State Machine Processing                                                   ; Auto               ; Auto               ;
; Safe State Machine                                                         ; Off                ; Off                ;
; Extract Verilog State Machines                                             ; On                 ; On                 ;
; Extract VHDL State Machines                                                ; On                 ; On                 ;
; Ignore Verilog initial constructs                                          ; Off                ; Off                ;
; Iteration limit for constant Verilog loops                                 ; 5000               ; 5000               ;
; Iteration limit for non-constant Verilog loops                             ; 250                ; 250                ;
; Add Pass-Through Logic to Inferred RAMs                                    ; On                 ; On                 ;
; Parallel Synthesis                                                         ; On                 ; On                 ;
; DSP Block Balancing                                                        ; Auto               ; Auto               ;
; NOT Gate Push-Back                                                         ; On                 ; On                 ;
; Remove Redundant Logic Cells                                               ; Off                ; Off                ;
; Remove Duplicate Registers                                                 ; On                 ; On                 ;
; Ignore CARRY Buffers                                                       ; Off                ; Off                ;
; Ignore CASCADE Buffers                                                     ; Off                ; Off                ;
; Ignore GLOBAL Buffers                                                      ; Off                ; Off                ;
; Ignore ROW GLOBAL Buffers                                                  ; Off                ; Off                ;
; Ignore LCELL Buffers                                                       ; Off                ; Off                ;
; Ignore SOFT Buffers                                                        ; On                 ; On                 ;
; Limit AHDL Integers to 32 Bits                                             ; Off                ; Off                ;
; Optimization Technique                                                     ; Balanced           ; Balanced           ;
; Carry Chain Length                                                         ; 70                 ; 70                 ;
; Auto Carry Chains                                                          ; On                 ; On                 ;
; Auto Open-Drain Pins                                                       ; On                 ; On                 ;
; Perform WYSIWYG Primitive Resynthesis                                      ; Off                ; Off                ;
; Auto ROM Replacement                                                       ; On                 ; On                 ;
; Auto RAM Replacement                                                       ; On                 ; On                 ;
; Auto DSP Block Replacement                                                 ; On                 ; On                 ;
; Auto Shift Register Replacement                                            ; Auto               ; Auto               ;
; Auto Clock Enable Replacement                                              ; On                 ; On                 ;
; Strict RAM Replacement                                                     ; Off                ; Off                ;
; Allow Synchronous Control Signals                                          ; On                 ; On                 ;
; Force Use of Synchronous Clear Signals                                     ; Off                ; Off                ;
; Auto RAM Block Balancing                                                   ; On                 ; On                 ;
; Auto RAM to Logic Cell Conversion                                          ; Off                ; Off                ;
; Auto Resource Sharing                                                      ; Off                ; Off                ;
; Allow Any RAM Size For Recognition                                         ; Off                ; Off                ;
; Allow Any ROM Size For Recognition                                         ; Off                ; Off                ;
; Allow Any Shift Register Size For Recognition                              ; Off                ; Off                ;
; Use LogicLock Constraints during Resource Balancing                        ; On                 ; On                 ;
; Ignore translate_off and synthesis_off directives                          ; Off                ; Off                ;
; Timing-Driven Synthesis                                                    ; Off                ; Off                ;
; Show Parameter Settings Tables in Synthesis Report                         ; On                 ; On                 ;
; Ignore Maximum Fan-Out Assignments                                         ; Off                ; Off                ;
; Synchronization Register Chain Length                                      ; 2                  ; 2                  ;
; PowerPlay Power Optimization                                               ; Normal compilation ; Normal compilation ;
; HDL message level                                                          ; Level2             ; Level2             ;
; Suppress Register Optimization Related Messages                            ; Off                ; Off                ;
; Number of Removed Registers Reported in Synthesis Report                   ; 100                ; 100                ;
; Number of Inverted Registers Reported in Synthesis Report                  ; 100                ; 100                ;
; Clock MUX Protection                                                       ; On                 ; On                 ;
; Auto Gated Clock Conversion                                                ; Off                ; Off                ;
; Block Design Naming                                                        ; Auto               ; Auto               ;
; SDC constraint protection                                                  ; Off                ; Off                ;
; Synthesis Effort                                                           ; Auto               ; Auto               ;
; Shift Register Replacement - Allow Asynchronous Clear Signal               ; On                 ; On                 ;
; Analysis & Synthesis Message Level                                         ; Medium             ; Medium             ;
; Disable Register Merging Across Hierarchies                                ; Auto               ; Auto               ;
+----------------------------------------------------------------------------+--------------------+--------------------+


+------------------------------------------+
; Parallel Compilation                     ;
+----------------------------+-------------+
; Processors                 ; Number      ;
+----------------------------+-------------+
; Number detected on machine ; 2           ;
; Maximum allowed            ; 2           ;
;                            ;             ;
; Average used               ; 1.00        ;
; Maximum used               ; 1           ;
;                            ;             ;
; Usage by Processor         ; % Time Used ;
;     1 processor            ; 100.0%      ;
;     2 processors           ;   0.0%      ;
+----------------------------+-------------+


+-----------------------------------------------------------------------------------------------------------------------------------------------------+
; Analysis & Synthesis Source Files Read                                                                                                              ;
+----------------------------------+-----------------+------------------------------------+-----------------------------------------------------------+
; File Name with User-Entered Path ; Used in Netlist ; File Type                          ; File Name with Absolute Path                              ;
+----------------------------------+-----------------+------------------------------------+-----------------------------------------------------------+
; divider.bdf                      ; yes             ; User Block Diagram/Schematic File  ; G:/quartus/divider.bdf                                    ;
; 74175.bdf                        ; yes             ; Megafunction                       ; e:/altera/91/quartus/libraries/others/maxplus2/74175.bdf  ;
; 74283.tdf                        ; yes             ; Megafunction                       ; e:/altera/91/quartus/libraries/others/maxplus2/74283.tdf  ;
; f74283.bdf                       ; yes             ; Megafunction                       ; e:/altera/91/quartus/libraries/others/maxplus2/f74283.bdf ;
; 74161.tdf                        ; yes             ; Megafunction                       ; e:/altera/91/quartus/libraries/others/maxplus2/74161.tdf  ;
; f74161.bdf                       ; yes             ; Megafunction                       ; e:/altera/91/quartus/libraries/others/maxplus2/f74161.bdf ;
; 7485.tdf                         ; yes             ; Megafunction                       ; e:/altera/91/quartus/libraries/others/maxplus2/7485.tdf   ;
; f7485.bdf                        ; yes             ; Megafunction                       ; e:/altera/91/quartus/libraries/others/maxplus2/f7485.bdf  ;
+----------------------------------+-----------------+------------------------------------+-----------------------------------------------------------+


+--------------------------------------------------------+
; Analysis & Synthesis Resource Usage Summary            ;
+-----------------------------------------------+--------+
; Resource                                      ; Usage  ;
+-----------------------------------------------+--------+
; Estimated ALUTs Used                          ; 24     ;
; Dedicated logic registers                     ; 8      ;
;                                               ;        ;
; Estimated ALUTs Unavailable                   ; 5      ;
;                                               ;        ;
; Total combinational functions                 ; 24     ;
; Combinational ALUT usage by number of inputs  ;        ;
;     -- 7 input functions                      ; 0      ;
;     -- 6 input functions                      ; 5      ;
;     -- 5 input functions                      ; 4      ;
;     -- 4 input functions                      ; 4      ;
;     -- <=3 input functions                    ; 11     ;
;                                               ;        ;
; Combinational ALUTs by mode                   ;        ;
;     -- normal mode                            ; 24     ;
;     -- extended LUT mode                      ; 0      ;
;     -- arithmetic mode                        ; 0      ;
;     -- shared arithmetic mode                 ; 0      ;
;                                               ;        ;
; Estimated ALUT/register pairs used            ; 29     ;
;                                               ;        ;
; Total registers                               ; 8      ;
;     -- Dedicated logic registers              ; 8      ;
;     -- I/O registers                          ; 0      ;
;                                               ;        ;
; Estimated ALMs:  partially or completely used ; 15     ;
;                                               ;        ;
; I/O pins                                      ; 25     ;
; Maximum fan-out node                          ; inst13 ;
; Maximum fan-out                               ; 9      ;
; Total fan-out                                 ; 121    ;
; Average fan-out                               ; 2.12   ;
+-----------------------------------------------+--------+


+------------------------------------------------------------------------------------------------------------------------------------------------------------------------------------------------------------+
; Analysis & Synthesis Resource Utilization by Entity                                                                                                                                                        ;
+----------------------------+-------------------+--------------+-------------------+--------------+---------+-----------+-----------+------+--------------+----------------------------------+--------------+
; Compilation Hierarchy Node ; LC Combinationals ; LC Registers ; Block Memory Bits ; DSP Elements ; DSP 9x9 ; DSP 18x18 ; DSP 36x36 ; Pins ; Virtual Pins ; Full Hierarchy Name              ; Library Name ;
+----------------------------+-------------------+--------------+-------------------+--------------+---------+-----------+-----------+------+--------------+----------------------------------+--------------+
; |divider                   ; 24 (14)           ; 8 (0)        ; 0                 ; 0            ; 0       ; 0         ; 0         ; 25   ; 0            ; |divider                         ; work         ;
;    |74161:inst2|           ; 3 (0)             ; 4 (0)        ; 0                 ; 0            ; 0       ; 0         ; 0         ; 0    ; 0            ; |divider|74161:inst2             ; work         ;
;       |f74161:sub|         ; 3 (3)             ; 4 (4)        ; 0                 ; 0            ; 0       ; 0         ; 0         ; 0    ; 0            ; |divider|74161:inst2|f74161:sub  ; work         ;
;    |74175:inst|            ; 0 (0)             ; 4 (4)        ; 0                 ; 0            ; 0       ; 0         ; 0         ; 0    ; 0            ; |divider|74175:inst              ;              ;
;    |74283:inst1|           ; 2 (0)             ; 0 (0)        ; 0                 ; 0            ; 0       ; 0         ; 0         ; 0    ; 0            ; |divider|74283:inst1             ; work         ;
;       |f74283:sub|         ; 2 (2)             ; 0 (0)        ; 0                 ; 0            ; 0       ; 0         ; 0         ; 0    ; 0            ; |divider|74283:inst1|f74283:sub  ; work         ;
;    |74283:inst26|          ; 2 (0)             ; 0 (0)        ; 0                 ; 0            ; 0       ; 0         ; 0         ; 0    ; 0            ; |divider|74283:inst26            ; work         ;
;       |f74283:sub|         ; 2 (2)             ; 0 (0)        ; 0                 ; 0            ; 0       ; 0         ; 0         ; 0    ; 0            ; |divider|74283:inst26|f74283:sub ; work         ;
;    |7485:inst32|           ; 3 (0)             ; 0 (0)        ; 0                 ; 0            ; 0       ; 0         ; 0         ; 0    ; 0            ; |divider|7485:inst32             ; work         ;
;       |f7485:sub|          ; 3 (3)             ; 0 (0)        ; 0                 ; 0            ; 0       ; 0         ; 0         ; 0    ; 0            ; |divider|7485:inst32|f7485:sub   ; work         ;
+----------------------------+-------------------+--------------+-------------------+--------------+---------+-----------+-----------+------+--------------+----------------------------------+--------------+
Note: For table entries with two numbers listed, the numbers in parentheses indicate the number of resources of the given type used by the specific entity alone. The numbers listed outside of parentheses indicate the total resources of the given type used by the specific entity and all of its sub-entities in the hierarchy.


+------------------------------------------------------+
; General Register Statistics                          ;
+----------------------------------------------+-------+
; Statistic                                    ; Value ;
+----------------------------------------------+-------+
; Total registers                              ; 8     ;
; Number of registers using Synchronous Clear  ; 0     ;
; Number of registers using Synchronous Load   ; 0     ;
; Number of registers using Asynchronous Clear ; 0     ;
; Number of registers using Asynchronous Load  ; 0     ;
; Number of registers using Clock Enable       ; 0     ;
; Number of registers using Preset             ; 0     ;
+----------------------------------------------+-------+


+----------------------------------------------------------+
; Parameter Settings for User Entity Instance: 74283:inst1 ;
+------------------------+---------------+-----------------+
; Parameter Name         ; Value         ; Type            ;
+------------------------+---------------+-----------------+
; DEVICE_FAMILY          ; Stratix II GX ; Untyped         ;
; AUTO_CARRY_CHAINS      ; ON            ; AUTO_CARRY      ;
; IGNORE_CARRY_BUFFERS   ; OFF           ; IGNORE_CARRY    ;
; AUTO_CASCADE_CHAINS    ; ON            ; AUTO_CASCADE    ;
; IGNORE_CASCADE_BUFFERS ; OFF           ; IGNORE_CASCADE  ;
+------------------------+---------------+-----------------+
Note: In order to hide this table in the UI and the text report file, please set the "Show Parameter Settings Tables in Synthesis Report" option in "Analysis and Synthesis Settings -> More Settings" to "Off".


+-----------------------------------------------------------+
; Parameter Settings for User Entity Instance: 74283:inst26 ;
+------------------------+---------------+------------------+
; Parameter Name         ; Value         ; Type             ;
+------------------------+---------------+------------------+
; DEVICE_FAMILY          ; Stratix II GX ; Untyped          ;
; AUTO_CARRY_CHAINS      ; ON            ; AUTO_CARRY       ;
; IGNORE_CARRY_BUFFERS   ; OFF           ; IGNORE_CARRY     ;
; AUTO_CASCADE_CHAINS    ; ON            ; AUTO_CASCADE     ;
; IGNORE_CASCADE_BUFFERS ; OFF           ; IGNORE_CASCADE   ;
+------------------------+---------------+------------------+
Note: In order to hide this table in the UI and the text report file, please set the "Show Parameter Settings Tables in Synthesis Report" option in "Analysis and Synthesis Settings -> More Settings" to "Off".


+----------------------------------------------------------+
; Parameter Settings for User Entity Instance: 74161:inst2 ;
+------------------------+---------------+-----------------+
; Parameter Name         ; Value         ; Type            ;
+------------------------+---------------+-----------------+
; DEVICE_FAMILY          ; Stratix II GX ; Untyped         ;
; AUTO_CARRY_CHAINS      ; ON            ; AUTO_CARRY      ;
; IGNORE_CARRY_BUFFERS   ; OFF           ; IGNORE_CARRY    ;
; AUTO_CASCADE_CHAINS    ; ON            ; AUTO_CASCADE    ;
; IGNORE_CASCADE_BUFFERS ; OFF           ; IGNORE_CASCADE  ;
+------------------------+---------------+-----------------+
Note: In order to hide this table in the UI and the text report file, please set the "Show Parameter Settings Tables in Synthesis Report" option in "Analysis and Synthesis Settings -> More Settings" to "Off".


+----------------------------------------------------------+
; Parameter Settings for User Entity Instance: 7485:inst32 ;
+------------------------+---------------+-----------------+
; Parameter Name         ; Value         ; Type            ;
+------------------------+---------------+-----------------+
; DEVICE_FAMILY          ; Stratix II GX ; Untyped         ;
; AUTO_CARRY_CHAINS      ; ON            ; AUTO_CARRY      ;
; IGNORE_CARRY_BUFFERS   ; OFF           ; IGNORE_CARRY    ;
; AUTO_CASCADE_CHAINS    ; ON            ; AUTO_CASCADE    ;
; IGNORE_CASCADE_BUFFERS ; OFF           ; IGNORE_CASCADE  ;
+------------------------+---------------+-----------------+
Note: In order to hide this table in the UI and the text report file, please set the "Show Parameter Settings Tables in Synthesis Report" option in "Analysis and Synthesis Settings -> More Settings" to "Off".


+-----------------------------------------------------------+
; Parameter Settings for User Entity Instance: 74283:inst30 ;
+------------------------+---------------+------------------+
; Parameter Name         ; Value         ; Type             ;
+------------------------+---------------+------------------+
; DEVICE_FAMILY          ; Stratix II GX ; Untyped          ;
; AUTO_CARRY_CHAINS      ; ON            ; AUTO_CARRY       ;
; IGNORE_CARRY_BUFFERS   ; OFF           ; IGNORE_CARRY     ;
; AUTO_CASCADE_CHAINS    ; ON            ; AUTO_CASCADE     ;
; IGNORE_CASCADE_BUFFERS ; OFF           ; IGNORE_CASCADE   ;
+------------------------+---------------+------------------+
Note: In order to hide this table in the UI and the text report file, please set the "Show Parameter Settings Tables in Synthesis Report" option in "Analysis and Synthesis Settings -> More Settings" to "Off".


+-------------------------------+
; Analysis & Synthesis Messages ;
+-------------------------------+
Info: *******************************************************************
Info: Running Quartus II Analysis & Synthesis
    Info: Version 9.1 Build 222 10/21/2009 SJ Full Version
    Info: Processing started: Fri Apr 14 12:14:41 2017
Info: Command: quartus_map --read_settings_files=on --write_settings_files=off divider -c divider
Info: Parallel compilation is enabled and will use 2 of the 2 processors detected
Info: Found 1 design units, including 1 entities, in source file divider.bdf
    Info: Found entity 1: divider
Warning: Entity "74175fix" obtained from "G:/quartus/74175fix.bdf" instead of from Quartus II megafunction library
Info: Found 1 design units, including 1 entities, in source file 74175fix.bdf
    Info: Found entity 1: 74175fix
Info: Elaborating entity "divider" for the top level hierarchy
Warning: Block or symbol "74175" of instance "inst" overlaps another block or symbol
Warning: Block or symbol "AND2" of instance "inst13" overlaps another block or symbol
Warning: Block or symbol "AND2" of instance "inst19" overlaps another block or symbol
Warning: Block or symbol "NOT" of instance "inst11" overlaps another block or symbol
Warning: Primitive "VCC" of instance "inst28" not used
Info: Elaborating entity "74175" for hierarchy "74175:inst"
Info: Elaborated megafunction instantiation "74175:inst"
Info: Elaborating entity "74283" for hierarchy "74283:inst1"
Info: Elaborated megafunction instantiation "74283:inst1"
Info: Elaborating entity "f74283" for hierarchy "74283:inst1|f74283:sub"
Info: Elaborated megafunction instantiation "74283:inst1|f74283:sub", which is child of megafunction instantiation "74283:inst1"
Info: Elaborating entity "74283" for hierarchy "74283:inst26"
Info: Elaborated megafunction instantiation "74283:inst26"
Info: Elaborating entity "74161" for hierarchy "74161:inst2"
Info: Elaborated megafunction instantiation "74161:inst2"
Info: Elaborating entity "f74161" for hierarchy "74161:inst2|f74161:sub"
Info: Elaborated megafunction instantiation "74161:inst2|f74161:sub", which is child of megafunction instantiation "74161:inst2"
Info: Elaborating entity "7485" for hierarchy "7485:inst32"
Info: Elaborated megafunction instantiation "7485:inst32"
Info: Elaborating entity "f7485" for hierarchy "7485:inst32|f7485:sub"
Info: Elaborated megafunction instantiation "7485:inst32|f7485:sub", which is child of megafunction instantiation "7485:inst32"
Info: Elaborating entity "74283" for hierarchy "74283:inst30"
Info: Elaborated megafunction instantiation "74283:inst30"
Info: Ignored 36 buffer(s)
    Info: Ignored 13 CARRY buffer(s)
    Info: Ignored 1 CASCADE buffer(s)
    Info: Ignored 22 SOFT buffer(s)
Warning: Tri-state node(s) do not directly drive top-level pin(s)
    Warning: Converted tri-state node feeding "74175:inst|14" into a selector
    Warning: Converted tri-state node feeding "74175:inst|15" into a selector
    Warning: Converted tri-state node feeding "74175:inst|16" into a selector
    Warning: Converted tri-state node feeding "74175:inst|13" into a selector
Warning: Always-enabled tri-state buffer(s) removed
    Warning: Converted the fanout from the always-enabled tri-state buffer "inst37" to the node "S1" into a wire
    Warning: Converted the fanout from the always-enabled tri-state buffer "inst36" to the node "S2" into a wire
    Warning: Converted the fanout from the always-enabled tri-state buffer "inst35" to the node "S3" into a wire
    Warning: Converted the fanout from the always-enabled tri-state buffer "inst34" to the node "S4" into a wire
    Warning: Converted the fanout from the always-enabled tri-state buffer "inst24" to the node "BI8" into a wire
Warning: Tri-state node(s) do not directly drive top-level pin(s)
    Warning: Converted the fan-out from the tri-state buffer "inst24" to the node "inst13" into an OR gate
Info: Implemented 49 device resources after synthesis - the final resource count might be different
    Info: Implemented 11 input pins
    Info: Implemented 14 output pins
    Info: Implemented 24 logic cells
Info: Quartus II Analysis & Synthesis was successful. 0 errors, 19 warnings
    Info: Peak virtual memory: 244 megabytes
    Info: Processing ended: Fri Apr 14 12:14:43 2017
    Info: Elapsed time: 00:00:02
    Info: Total CPU time (on all processors): 00:00:02


