Analysis & Synthesis report for timer_BLK
Tue May 23 13:21:34 2017
Quartus II Version 9.1 Build 222 10/21/2009 SJ Full Version


---------------------
; Table of Contents ;
---------------------
  1. Legal Notice
  2. Analysis & Synthesis Summary
  3. Analysis & Synthesis Settings
  4. Parallel Compilation
  5. Analysis & Synthesis Source Files Read
  6. Analysis & Synthesis Resource Usage Summary
  7. Analysis & Synthesis Resource Utilization by Entity
  8. General Register Statistics
  9. Parameter Settings for User Entity Instance: 74163:inst3
 10. Parameter Settings for User Entity Instance: 74163:inst
 11. Parameter Settings for User Entity Instance: 74163:inst1
 12. Parameter Settings for User Entity Instance: 74163:inst9
 13. Analysis & Synthesis Messages



----------------
; Legal Notice ;
----------------
Copyright (C) 1991-2009 Altera Corporation
Your use of Altera Corporation's design tools, logic functions 
and other software and tools, and its AMPP partner logic 
functions, and any output files from any of the foregoing 
(including device programming or simulation files), and any 
associated documentation or information are expressly subject 
to the terms and conditions of the Altera Program License 
Subscription Agreement, Altera MegaCore Function License 
Agreement, or other applicable license agreement, including, 
without limitation, that your use is for the sole purpose of 
programming logic devices manufactured by Altera and sold by 
Altera or its authorized distributors.  Please refer to the 
applicable agreement for further details.



+------------------------------------------------------------------------+
; Analysis & Synthesis Summary                                           ;
+-----------------------------+------------------------------------------+
; Analysis & Synthesis Status ; Successful - Tue May 23 13:21:34 2017    ;
; Quartus II Version          ; 9.1 Build 222 10/21/2009 SJ Full Version ;
; Revision Name               ; timer_BLK                                ;
; Top-level Entity Name       ; timer_BLK                                ;
; Family                      ; MAX II                                   ;
; Total logic elements        ; 35                                       ;
; Total pins                  ; 17                                       ;
; Total virtual pins          ; 0                                        ;
; UFM blocks                  ; 0 / 1 ( 0 % )                            ;
+-----------------------------+------------------------------------------+


+----------------------------------------------------------------------------------------------------------------------+
; Analysis & Synthesis Settings                                                                                        ;
+----------------------------------------------------------------------------+--------------------+--------------------+
; Option                                                                     ; Setting            ; Default Value      ;
+----------------------------------------------------------------------------+--------------------+--------------------+
; Device                                                                     ; EPM570T100C5       ;                    ;
; Top-level entity name                                                      ; timer_BLK          ; timer_BLK          ;
; Family name                                                                ; MAX II             ; Stratix II         ;
; Optimization Technique                                                     ; Speed              ; Balanced           ;
; Use Generated Physical Constraints File                                    ; Off                ;                    ;
; Use smart compilation                                                      ; Off                ; Off                ;
; Enable parallel Assembler and TimeQuest Timing Analyzer during compilation ; On                 ; On                 ;
; Enable compact report table                                                ; Off                ; Off                ;
; Restructure Multiplexers                                                   ; Auto               ; Auto               ;
; Create Debugging Nodes for IP Cores                                        ; Off                ; Off                ;
; Preserve fewer node names                                                  ; On                 ; On                 ;
; Disable OpenCore Plus hardware evaluation                                  ; Off                ; Off                ;
; Verilog Version                                                            ; Verilog_2001       ; Verilog_2001       ;
; VHDL Version                                                               ; VHDL_1993          ; VHDL_1993          ;
; State Machine Processing                                                   ; Auto               ; Auto               ;
; Safe State Machine                                                         ; Off                ; Off                ;
; Extract Verilog State Machines                                             ; On                 ; On                 ;
; Extract VHDL State Machines                                                ; On                 ; On                 ;
; Ignore Verilog initial constructs                                          ; Off                ; Off                ;
; Iteration limit for constant Verilog loops                                 ; 5000               ; 5000               ;
; Iteration limit for non-constant Verilog loops                             ; 250                ; 250                ;
; Add Pass-Through Logic to Inferred RAMs                                    ; On                 ; On                 ;
; Parallel Synthesis                                                         ; On                 ; On                 ;
; NOT Gate Push-Back                                                         ; On                 ; On                 ;
; Power-Up Don't Care                                                        ; On                 ; On                 ;
; Remove Redundant Logic Cells                                               ; Off                ; Off                ;
; Remove Duplicate Registers                                                 ; On                 ; On                 ;
; Ignore CARRY Buffers                                                       ; Off                ; Off                ;
; Ignore CASCADE Buffers                                                     ; Off                ; Off                ;
; Ignore GLOBAL Buffers                                                      ; Off                ; Off                ;
; Ignore ROW GLOBAL Buffers                                                  ; Off                ; Off                ;
; Ignore LCELL Buffers                                                       ; Off                ; Off                ;
; Ignore SOFT Buffers                                                        ; On                 ; On                 ;
; Limit AHDL Integers to 32 Bits                                             ; Off                ; Off                ;
; Carry Chain Length                                                         ; 70                 ; 70                 ;
; Auto Carry Chains                                                          ; On                 ; On                 ;
; Auto Open-Drain Pins                                                       ; On                 ; On                 ;
; Perform WYSIWYG Primitive Resynthesis                                      ; Off                ; Off                ;
; Auto Shift Register Replacement                                            ; Auto               ; Auto               ;
; Auto Clock Enable Replacement                                              ; On                 ; On                 ;
; Allow Synchronous Control Signals                                          ; On                 ; On                 ;
; Force Use of Synchronous Clear Signals                                     ; Off                ; Off                ;
; Auto Resource Sharing                                                      ; Off                ; Off                ;
; Use LogicLock Constraints during Resource Balancing                        ; On                 ; On                 ;
; Ignore translate_off and synthesis_off directives                          ; Off                ; Off                ;
; Show Parameter Settings Tables in Synthesis Report                         ; On                 ; On                 ;
; Ignore Maximum Fan-Out Assignments                                         ; Off                ; Off                ;
; Synchronization Register Chain Length                                      ; 2                  ; 2                  ;
; PowerPlay Power Optimization                                               ; Normal compilation ; Normal compilation ;
; HDL message level                                                          ; Level2             ; Level2             ;
; Suppress Register Optimization Related Messages                            ; Off                ; Off                ;
; Number of Removed Registers Reported in Synthesis Report                   ; 100                ; 100                ;
; Number of Inverted Registers Reported in Synthesis Report                  ; 100                ; 100                ;
; Clock MUX Protection                                                       ; On                 ; On                 ;
; Block Design Naming                                                        ; Auto               ; Auto               ;
; Synthesis Effort                                                           ; Auto               ; Auto               ;
; Shift Register Replacement - Allow Asynchronous Clear Signal               ; On                 ; On                 ;
; Analysis & Synthesis Message Level                                         ; Medium             ; Medium             ;
; Disable Register Merging Across Hierarchies                                ; Auto               ; Auto               ;
+----------------------------------------------------------------------------+--------------------+--------------------+


+------------------------------------------+
; Parallel Compilation                     ;
+----------------------------+-------------+
; Processors                 ; Number      ;
+----------------------------+-------------+
; Number detected on machine ; 2           ;
; Maximum allowed            ; 2           ;
;                            ;             ;
; Average used               ; 1.00        ;
; Maximum used               ; 1           ;
;                            ;             ;
; Usage by Processor         ; % Time Used ;
;     1 processor            ; 100.0%      ;
;     2 processors           ;   0.0%      ;
+----------------------------+-------------+


+-----------------------------------------------------------------------------------------------------------------------------------------------------+
; Analysis & Synthesis Source Files Read                                                                                                              ;
+----------------------------------+-----------------+------------------------------------+-----------------------------------------------------------+
; File Name with User-Entered Path ; Used in Netlist ; File Type                          ; File Name with Absolute Path                              ;
+----------------------------------+-----------------+------------------------------------+-----------------------------------------------------------+
; timer_BLK.bdf                    ; yes             ; User Block Diagram/Schematic File  ; F:/quartus/timer_BLK/timer_BLK.bdf                        ;
; 74163.tdf                        ; yes             ; Megafunction                       ; d:/altera/91/quartus/libraries/others/maxplus2/74163.tdf  ;
; f74163.bdf                       ; yes             ; Megafunction                       ; d:/altera/91/quartus/libraries/others/maxplus2/f74163.bdf ;
; 7408.bdf                         ; yes             ; Megafunction                       ; d:/altera/91/quartus/libraries/others/maxplus2/7408.bdf   ;
; 7404.bdf                         ; yes             ; Megafunction                       ; d:/altera/91/quartus/libraries/others/maxplus2/7404.bdf   ;
; 7402.bdf                         ; yes             ; Megafunction                       ; d:/altera/91/quartus/libraries/others/maxplus2/7402.bdf   ;
; 7421.bdf                         ; yes             ; Megafunction                       ; d:/altera/91/quartus/libraries/others/maxplus2/7421.bdf   ;
; 7411.bdf                         ; yes             ; Megafunction                       ; d:/altera/91/quartus/libraries/others/maxplus2/7411.bdf   ;
+----------------------------------+-----------------+------------------------------------+-----------------------------------------------------------+


+-----------------------------------------------------+
; Analysis & Synthesis Resource Usage Summary         ;
+---------------------------------------------+-------+
; Resource                                    ; Usage ;
+---------------------------------------------+-------+
; Total logic elements                        ; 35    ;
;     -- Combinational with no register       ; 19    ;
;     -- Register only                        ; 0     ;
;     -- Combinational with a register        ; 16    ;
;                                             ;       ;
; Logic element usage by number of LUT inputs ;       ;
;     -- 4 input functions                    ; 3     ;
;     -- 3 input functions                    ; 12    ;
;     -- 2 input functions                    ; 18    ;
;     -- 1 input functions                    ; 2     ;
;     -- 0 input functions                    ; 0     ;
;                                             ;       ;
; Logic elements by mode                      ;       ;
;     -- normal mode                          ; 27    ;
;     -- arithmetic mode                      ; 8     ;
;     -- qfbk mode                            ; 0     ;
;     -- register cascade mode                ; 0     ;
;     -- synchronous clear/load mode          ; 4     ;
;     -- asynchronous clear/load mode         ; 0     ;
;                                             ;       ;
; Total registers                             ; 16    ;
; Total logic cells in carry chains           ; 10    ;
; I/O pins                                    ; 17    ;
; Maximum fan-out node                        ; clk   ;
; Maximum fan-out                             ; 16    ;
; Total fan-out                               ; 121   ;
; Average fan-out                             ; 2.33  ;
+---------------------------------------------+-------+


+------------------------------------------------------------------------------------------------------------------------------------------------------------------------------------------------------------------------------------+
; Analysis & Synthesis Resource Utilization by Entity                                                                                                                                                                                ;
+----------------------------+-------------+--------------+------------+------+--------------+--------------+-------------------+------------------+-----------------+------------+-----------------------------------+--------------+
; Compilation Hierarchy Node ; Logic Cells ; LC Registers ; UFM Blocks ; Pins ; Virtual Pins ; LUT-Only LCs ; Register-Only LCs ; LUT/Register LCs ; Carry Chain LCs ; Packed LCs ; Full Hierarchy Name               ; Library Name ;
+----------------------------+-------------+--------------+------------+------+--------------+--------------+-------------------+------------------+-----------------+------------+-----------------------------------+--------------+
; |timer_BLK                 ; 35 (0)      ; 16           ; 0          ; 17   ; 0            ; 19 (0)       ; 0 (0)             ; 16 (0)           ; 10 (0)          ; 0 (0)      ; |timer_BLK                        ; work         ;
;    |7408:inst4|            ; 1 (1)       ; 0            ; 0          ; 0    ; 0            ; 1 (1)        ; 0 (0)             ; 0 (0)            ; 0 (0)           ; 0 (0)      ; |timer_BLK|7408:inst4             ; work         ;
;    |7408:inst7|            ; 2 (2)       ; 0            ; 0          ; 0    ; 0            ; 2 (2)        ; 0 (0)             ; 0 (0)            ; 0 (0)           ; 0 (0)      ; |timer_BLK|7408:inst7             ; work         ;
;    |74163:inst1|           ; 4 (0)       ; 4            ; 0          ; 0    ; 0            ; 0 (0)        ; 0 (0)             ; 4 (0)            ; 4 (0)           ; 0 (0)      ; |timer_BLK|74163:inst1            ; work         ;
;       |f74163:sub|         ; 4 (4)       ; 4            ; 0          ; 0    ; 0            ; 0 (0)        ; 0 (0)             ; 4 (4)            ; 4 (4)           ; 0 (0)      ; |timer_BLK|74163:inst1|f74163:sub ; work         ;
;    |74163:inst3|           ; 11 (0)      ; 4            ; 0          ; 0    ; 0            ; 7 (0)        ; 0 (0)             ; 4 (0)            ; 0 (0)           ; 0 (0)      ; |timer_BLK|74163:inst3            ; work         ;
;       |f74163:sub|         ; 11 (11)     ; 4            ; 0          ; 0    ; 0            ; 7 (7)        ; 0 (0)             ; 4 (4)            ; 0 (0)           ; 0 (0)      ; |timer_BLK|74163:inst3|f74163:sub ; work         ;
;    |74163:inst9|           ; 6 (0)       ; 4            ; 0          ; 0    ; 0            ; 2 (0)        ; 0 (0)             ; 4 (0)            ; 6 (0)           ; 0 (0)      ; |timer_BLK|74163:inst9            ; work         ;
;       |f74163:sub|         ; 6 (6)       ; 4            ; 0          ; 0    ; 0            ; 2 (2)        ; 0 (0)             ; 4 (4)            ; 6 (6)           ; 0 (0)      ; |timer_BLK|74163:inst9|f74163:sub ; work         ;
;    |74163:inst|            ; 10 (0)      ; 4            ; 0          ; 0    ; 0            ; 6 (0)        ; 0 (0)             ; 4 (0)            ; 0 (0)           ; 0 (0)      ; |timer_BLK|74163:inst             ; work         ;
;       |f74163:sub|         ; 10 (10)     ; 4            ; 0          ; 0    ; 0            ; 6 (6)        ; 0 (0)             ; 4 (4)            ; 0 (0)           ; 0 (0)      ; |timer_BLK|74163:inst|f74163:sub  ; work         ;
;    |7421:inst14|           ; 1 (1)       ; 0            ; 0          ; 0    ; 0            ; 1 (1)        ; 0 (0)             ; 0 (0)            ; 0 (0)           ; 0 (0)      ; |timer_BLK|7421:inst14            ; work         ;
+----------------------------+-------------+--------------+------------+------+--------------+--------------+-------------------+------------------+-----------------+------------+-----------------------------------+--------------+
Note: For table entries with two numbers listed, the numbers in parentheses indicate the number of resources of the given type used by the specific entity alone. The numbers listed outside of parentheses indicate the total resources of the given type used by the specific entity and all of its sub-entities in the hierarchy.


+------------------------------------------------------+
; General Register Statistics                          ;
+----------------------------------------------+-------+
; Statistic                                    ; Value ;
+----------------------------------------------+-------+
; Total registers                              ; 16    ;
; Number of registers using Synchronous Clear  ; 4     ;
; Number of registers using Synchronous Load   ; 0     ;
; Number of registers using Asynchronous Clear ; 0     ;
; Number of registers using Asynchronous Load  ; 0     ;
; Number of registers using Clock Enable       ; 0     ;
; Number of registers using Preset             ; 0     ;
+----------------------------------------------+-------+


+----------------------------------------------------------+
; Parameter Settings for User Entity Instance: 74163:inst3 ;
+------------------------+--------+------------------------+
; Parameter Name         ; Value  ; Type                   ;
+------------------------+--------+------------------------+
; DEVICE_FAMILY          ; MAX II ; Untyped                ;
; AUTO_CARRY_CHAINS      ; ON     ; AUTO_CARRY             ;
; IGNORE_CARRY_BUFFERS   ; OFF    ; IGNORE_CARRY           ;
; AUTO_CASCADE_CHAINS    ; ON     ; AUTO_CASCADE           ;
; IGNORE_CASCADE_BUFFERS ; OFF    ; IGNORE_CASCADE         ;
+------------------------+--------+------------------------+
Note: In order to hide this table in the UI and the text report file, please set the "Show Parameter Settings Tables in Synthesis Report" option in "Analysis and Synthesis Settings -> More Settings" to "Off".


+---------------------------------------------------------+
; Parameter Settings for User Entity Instance: 74163:inst ;
+------------------------+--------+-----------------------+
; Parameter Name         ; Value  ; Type                  ;
+------------------------+--------+-----------------------+
; DEVICE_FAMILY          ; MAX II ; Untyped               ;
; AUTO_CARRY_CHAINS      ; ON     ; AUTO_CARRY            ;
; IGNORE_CARRY_BUFFERS   ; OFF    ; IGNORE_CARRY          ;
; AUTO_CASCADE_CHAINS    ; ON     ; AUTO_CASCADE          ;
; IGNORE_CASCADE_BUFFERS ; OFF    ; IGNORE_CASCADE        ;
+------------------------+--------+-----------------------+
Note: In order to hide this table in the UI and the text report file, please set the "Show Parameter Settings Tables in Synthesis Report" option in "Analysis and Synthesis Settings -> More Settings" to "Off".


+----------------------------------------------------------+
; Parameter Settings for User Entity Instance: 74163:inst1 ;
+------------------------+--------+------------------------+
; Parameter Name         ; Value  ; Type                   ;
+------------------------+--------+------------------------+
; DEVICE_FAMILY          ; MAX II ; Untyped                ;
; AUTO_CARRY_CHAINS      ; ON     ; AUTO_CARRY             ;
; IGNORE_CARRY_BUFFERS   ; OFF    ; IGNORE_CARRY           ;
; AUTO_CASCADE_CHAINS    ; ON     ; AUTO_CASCADE           ;
; IGNORE_CASCADE_BUFFERS ; OFF    ; IGNORE_CASCADE         ;
+------------------------+--------+------------------------+
Note: In order to hide this table in the UI and the text report file, please set the "Show Parameter Settings Tables in Synthesis Report" option in "Analysis and Synthesis Settings -> More Settings" to "Off".


+----------------------------------------------------------+
; Parameter Settings for User Entity Instance: 74163:inst9 ;
+------------------------+--------+------------------------+
; Parameter Name         ; Value  ; Type                   ;
+------------------------+--------+------------------------+
; DEVICE_FAMILY          ; MAX II ; Untyped                ;
; AUTO_CARRY_CHAINS      ; ON     ; AUTO_CARRY             ;
; IGNORE_CARRY_BUFFERS   ; OFF    ; IGNORE_CARRY           ;
; AUTO_CASCADE_CHAINS    ; ON     ; AUTO_CASCADE           ;
; IGNORE_CASCADE_BUFFERS ; OFF    ; IGNORE_CASCADE         ;
+------------------------+--------+------------------------+
Note: In order to hide this table in the UI and the text report file, please set the "Show Parameter Settings Tables in Synthesis Report" option in "Analysis and Synthesis Settings -> More Settings" to "Off".


+-------------------------------+
; Analysis & Synthesis Messages ;
+-------------------------------+
Info: *******************************************************************
Info: Running Quartus II Analysis & Synthesis
    Info: Version 9.1 Build 222 10/21/2009 SJ Full Version
    Info: Processing started: Tue May 23 13:21:33 2017
Info: Command: quartus_map --read_settings_files=on --write_settings_files=off timer_BLK -c timer_BLK
Info: Parallel compilation is enabled and will use 2 of the 2 processors detected
Info: Found 1 design units, including 1 entities, in source file timer_blk.bdf
    Info: Found entity 1: timer_BLK
Info: Elaborating entity "timer_BLK" for the top level hierarchy
Info: Elaborating entity "74163" for hierarchy "74163:inst3"
Info: Elaborated megafunction instantiation "74163:inst3"
Info: Elaborating entity "f74163" for hierarchy "74163:inst3|f74163:sub"
Info: Elaborated megafunction instantiation "74163:inst3|f74163:sub", which is child of megafunction instantiation "74163:inst3"
Info: Elaborating entity "7408" for hierarchy "7408:inst7"
Info: Elaborated megafunction instantiation "7408:inst7"
Info: Elaborating entity "74163" for hierarchy "74163:inst1"
Info: Elaborated megafunction instantiation "74163:inst1"
Info: Elaborating entity "7404" for hierarchy "7404:inst5"
Info: Elaborated megafunction instantiation "7404:inst5"
Info: Elaborating entity "7402" for hierarchy "7402:inst13"
Info: Elaborated megafunction instantiation "7402:inst13"
Info: Elaborating entity "7421" for hierarchy "7421:inst14"
Info: Elaborated megafunction instantiation "7421:inst14"
Info: Elaborating entity "74163" for hierarchy "74163:inst9"
Info: Elaborated megafunction instantiation "74163:inst9"
Info: Elaborating entity "7411" for hierarchy "7411:inst11"
Info: Elaborated megafunction instantiation "7411:inst11"
Info: Converted 4 single input CARRY primitives to CARRY_SUM primitives
Warning: Ignored 6 CARRY_SUM primitives
    Warning: Ignored 6 CARRY_SUM primitive(s) -- cannot place fan-out logic in single logic cell
        Warning: Can't place logic fed by CARRY_SUM primitive "74163:inst3|f74163:sub|107~0" into a single logic cell
            Warning: Node "74163:inst3|f74163:sub|117" of type LUT
            Warning: Node "74163:inst3|f74163:sub|120~0" of type LUT
        Warning: Can't place logic fed by CARRY_SUM primitive "74163:inst3|f74163:sub|74~0" into a single logic cell
            Warning: Node "74163:inst3|f74163:sub|106" of type LUT
            Warning: Node "74163:inst3|f74163:sub|109~0" of type LUT
        Warning: Can't place logic fed by CARRY_SUM primitive "74163:inst3|f74163:sub|140~0" into a single logic cell
            Warning: Node "74163:inst3|f74163:sub|73" of type LUT
            Warning: Node "74163:inst3|f74163:sub|72~0" of type LUT
        Warning: Can't place logic fed by CARRY_SUM primitive "74163:inst|f74163:sub|107~0" into a single logic cell
            Warning: Node "74163:inst|f74163:sub|117" of type LUT
            Warning: Node "74163:inst|f74163:sub|120~0" of type LUT
        Warning: Can't place logic fed by CARRY_SUM primitive "74163:inst|f74163:sub|74~0" into a single logic cell
            Warning: Node "74163:inst|f74163:sub|106" of type LUT
            Warning: Node "74163:inst|f74163:sub|109~0" of type LUT
        Warning: Can't place logic fed by CARRY_SUM primitive "74163:inst|f74163:sub|140~0" into a single logic cell
            Warning: Node "74163:inst|f74163:sub|73" of type LUT
            Warning: Node "74163:inst|f74163:sub|72~0" of type LUT
Info: Implemented 52 device resources after synthesis - the final resource count might be different
    Info: Implemented 1 input pins
    Info: Implemented 16 output pins
    Info: Implemented 35 logic cells
Info: Quartus II Analysis & Synthesis was successful. 0 errors, 20 warnings
    Info: Peak virtual memory: 242 megabytes
    Info: Processing ended: Tue May 23 13:21:34 2017
    Info: Elapsed time: 00:00:01
    Info: Total CPU time (on all processors): 00:00:01


