Classic Timing Analyzer report for autoseller
Sun May 14 18:39:12 2017
Quartus II Version 9.1 Build 222 10/21/2009 SJ Full Version


---------------------
; Table of Contents ;
---------------------
  1. Legal Notice
  2. Timing Analyzer Summary
  3. Timing Analyzer Settings
  4. Clock Settings Summary
  5. Parallel Compilation
  6. Clock Setup: 'clk'
  7. tsu
  8. tco
  9. tpd
 10. th
 11. Timing Analyzer Messages



----------------
; Legal Notice ;
----------------
Copyright (C) 1991-2009 Altera Corporation
Your use of Altera Corporation's design tools, logic functions 
and other software and tools, and its AMPP partner logic 
functions, and any output files from any of the foregoing 
(including device programming or simulation files), and any 
associated documentation or information are expressly subject 
to the terms and conditions of the Altera Program License 
Subscription Agreement, Altera MegaCore Function License 
Agreement, or other applicable license agreement, including, 
without limitation, that your use is for the sole purpose of 
programming logic devices manufactured by Altera and sold by 
Altera or its authorized distributors.  Please refer to the 
applicable agreement for further details.



+--------------------------------------------------------------------------------------------------------------------------------------------------------------+
; Timing Analyzer Summary                                                                                                                                      ;
+------------------------------+-------+---------------+------------------------------------------------+-------+-------+------------+----------+--------------+
; Type                         ; Slack ; Required Time ; Actual Time                                    ; From  ; To    ; From Clock ; To Clock ; Failed Paths ;
+------------------------------+-------+---------------+------------------------------------------------+-------+-------+------------+----------+--------------+
; Worst-case tsu               ; N/A   ; None          ; 2.085 ns                                       ; Y     ; inst1 ; --         ; clk      ; 0            ;
; Worst-case tco               ; N/A   ; None          ; 10.833 ns                                      ; inst1 ; S     ; clk        ; --       ; 0            ;
; Worst-case tpd               ; N/A   ; None          ; 9.845 ns                                       ; X     ; S     ; --         ; --       ; 0            ;
; Worst-case th                ; N/A   ; None          ; -1.135 ns                                      ; X     ; inst1 ; --         ; clk      ; 0            ;
; Clock Setup: 'clk'           ; N/A   ; None          ; Restricted to 304.04 MHz ( period = 3.289 ns ) ; inst1 ; inst0 ; clk        ; clk      ; 0            ;
; Total number of failed paths ;       ;               ;                                                ;       ;       ;            ;          ; 0            ;
+------------------------------+-------+---------------+------------------------------------------------+-------+-------+------------+----------+--------------+


+-----------------------------------------------------------------------------------------------------------------------------------------------------+
; Timing Analyzer Settings                                                                                                                            ;
+------------------------------------------------------------------------------------------------------+--------------------+------+----+-------------+
; Option                                                                                               ; Setting            ; From ; To ; Entity Name ;
+------------------------------------------------------------------------------------------------------+--------------------+------+----+-------------+
; Device Name                                                                                          ; EPM570T100C5       ;      ;    ;             ;
; Timing Models                                                                                        ; Final              ;      ;    ;             ;
; Default hold multicycle                                                                              ; Same as Multicycle ;      ;    ;             ;
; Cut paths between unrelated clock domains                                                            ; On                 ;      ;    ;             ;
; Cut off read during write signal paths                                                               ; On                 ;      ;    ;             ;
; Cut off feedback from I/O pins                                                                       ; On                 ;      ;    ;             ;
; Report Combined Fast/Slow Timing                                                                     ; Off                ;      ;    ;             ;
; Ignore Clock Settings                                                                                ; Off                ;      ;    ;             ;
; Analyze latches as synchronous elements                                                              ; On                 ;      ;    ;             ;
; Enable Recovery/Removal analysis                                                                     ; Off                ;      ;    ;             ;
; Enable Clock Latency                                                                                 ; Off                ;      ;    ;             ;
; Use TimeQuest Timing Analyzer                                                                        ; Off                ;      ;    ;             ;
; Minimum Core Junction Temperature                                                                    ; 0                  ;      ;    ;             ;
; Maximum Core Junction Temperature                                                                    ; 85                 ;      ;    ;             ;
; Number of source nodes to report per destination node                                                ; 10                 ;      ;    ;             ;
; Number of destination nodes to report                                                                ; 10                 ;      ;    ;             ;
; Number of paths to report                                                                            ; 200                ;      ;    ;             ;
; Report Minimum Timing Checks                                                                         ; Off                ;      ;    ;             ;
; Use Fast Timing Models                                                                               ; Off                ;      ;    ;             ;
; Report IO Paths Separately                                                                           ; Off                ;      ;    ;             ;
; Perform Multicorner Analysis                                                                         ; Off                ;      ;    ;             ;
; Reports the worst-case path for each clock domain and analysis                                       ; Off                ;      ;    ;             ;
; Reports worst-case timing paths for each clock domain and analysis                                   ; On                 ;      ;    ;             ;
; Specifies the maximum number of worst-case timing paths to report for each clock domain and analysis ; 100                ;      ;    ;             ;
; Removes common clock path pessimism (CCPP) during slack computation                                  ; Off                ;      ;    ;             ;
; Output I/O Timing Endpoint                                                                           ; Near End           ;      ;    ;             ;
+------------------------------------------------------------------------------------------------------+--------------------+------+----+-------------+


+------------------------------------------------------------------------------------------------------------------------------------------------------------------------------------+
; Clock Settings Summary                                                                                                                                                             ;
+-----------------+--------------------+----------+------------------+---------------+--------------+----------+-----------------------+---------------------+--------+--------------+
; Clock Node Name ; Clock Setting Name ; Type     ; Fmax Requirement ; Early Latency ; Late Latency ; Based on ; Multiply Base Fmax by ; Divide Base Fmax by ; Offset ; Phase offset ;
+-----------------+--------------------+----------+------------------+---------------+--------------+----------+-----------------------+---------------------+--------+--------------+
; clk             ;                    ; User Pin ; None             ; 0.000 ns      ; 0.000 ns     ; --       ; N/A                   ; N/A                 ; N/A    ;              ;
+-----------------+--------------------+----------+------------------+---------------+--------------+----------+-----------------------+---------------------+--------+--------------+


+------------------------------------------+
; Parallel Compilation                     ;
+----------------------------+-------------+
; Processors                 ; Number      ;
+----------------------------+-------------+
; Number detected on machine ; 2           ;
; Maximum allowed            ; 2           ;
;                            ;             ;
; Average used               ; 1.00        ;
; Maximum used               ; 1           ;
;                            ;             ;
; Usage by Processor         ; % Time Used ;
;     1 processor            ; 100.0%      ;
;     2 processors           ;   0.0%      ;
+----------------------------+-------------+


+------------------------------------------------------------------------------------------------------------------------------------------------------------------------------------+
; Clock Setup: 'clk'                                                                                                                                                                 ;
+-------+------------------------------------------------+-------+-------+------------+----------+-----------------------------+---------------------------+-------------------------+
; Slack ; Actual fmax (period)                           ; From  ; To    ; From Clock ; To Clock ; Required Setup Relationship ; Required Longest P2P Time ; Actual Longest P2P Time ;
+-------+------------------------------------------------+-------+-------+------------+----------+-----------------------------+---------------------------+-------------------------+
; N/A   ; Restricted to 304.04 MHz ( period = 3.289 ns ) ; inst1 ; inst0 ; clk        ; clk      ; None                        ; None                      ; 1.812 ns                ;
; N/A   ; Restricted to 304.04 MHz ( period = 3.289 ns ) ; inst1 ; inst1 ; clk        ; clk      ; None                        ; None                      ; 1.796 ns                ;
; N/A   ; Restricted to 304.04 MHz ( period = 3.289 ns ) ; inst0 ; inst1 ; clk        ; clk      ; None                        ; None                      ; 1.532 ns                ;
; N/A   ; Restricted to 304.04 MHz ( period = 3.289 ns ) ; inst0 ; inst0 ; clk        ; clk      ; None                        ; None                      ; 1.524 ns                ;
+-------+------------------------------------------------+-------+-------+------------+----------+-----------------------------+---------------------------+-------------------------+


+-------------------------------------------------------------+
; tsu                                                         ;
+-------+--------------+------------+------+-------+----------+
; Slack ; Required tsu ; Actual tsu ; From ; To    ; To Clock ;
+-------+--------------+------------+------+-------+----------+
; N/A   ; None         ; 2.085 ns   ; Y    ; inst1 ; clk      ;
; N/A   ; None         ; 2.074 ns   ; Y    ; inst0 ; clk      ;
; N/A   ; None         ; 1.694 ns   ; X    ; inst0 ; clk      ;
; N/A   ; None         ; 1.689 ns   ; X    ; inst1 ; clk      ;
+-------+--------------+------------+------+-------+----------+


+-------------------------------------------------------------+
; tco                                                         ;
+-------+--------------+------------+-------+----+------------+
; Slack ; Required tco ; Actual tco ; From  ; To ; From Clock ;
+-------+--------------+------------+-------+----+------------+
; N/A   ; None         ; 10.833 ns  ; inst1 ; S  ; clk        ;
; N/A   ; None         ; 10.447 ns  ; inst0 ; S  ; clk        ;
; N/A   ; None         ; 9.673 ns   ; inst1 ; P  ; clk        ;
+-------+--------------+------------+-------+----+------------+


+---------------------------------------------------------+
; tpd                                                     ;
+-------+-------------------+-----------------+------+----+
; Slack ; Required P2P Time ; Actual P2P Time ; From ; To ;
+-------+-------------------+-----------------+------+----+
; N/A   ; None              ; 9.845 ns        ; X    ; S  ;
; N/A   ; None              ; 9.827 ns        ; Y    ; S  ;
; N/A   ; None              ; 8.674 ns        ; Y    ; P  ;
+-------+-------------------+-----------------+------+----+


+-------------------------------------------------------------------+
; th                                                                ;
+---------------+-------------+-----------+------+-------+----------+
; Minimum Slack ; Required th ; Actual th ; From ; To    ; To Clock ;
+---------------+-------------+-----------+------+-------+----------+
; N/A           ; None        ; -1.135 ns ; X    ; inst1 ; clk      ;
; N/A           ; None        ; -1.140 ns ; X    ; inst0 ; clk      ;
; N/A           ; None        ; -1.520 ns ; Y    ; inst0 ; clk      ;
; N/A           ; None        ; -1.531 ns ; Y    ; inst1 ; clk      ;
+---------------+-------------+-----------+------+-------+----------+


+--------------------------+
; Timing Analyzer Messages ;
+--------------------------+
Info: *******************************************************************
Info: Running Quartus II Classic Timing Analyzer
    Info: Version 9.1 Build 222 10/21/2009 SJ Full Version
    Info: Processing started: Sun May 14 18:39:12 2017
Info: Command: quartus_tan --read_settings_files=off --write_settings_files=off autoseller -c autoseller
Info: Parallel compilation is enabled and will use 2 of the 2 processors detected
Info: Started post-fitting delay annotation
Info: Delay annotation completed successfully
Warning: Found pins functioning as undefined clocks and/or memory enables
    Info: Assuming node "clk" is an undefined clock
Info: Clock "clk" Internal fmax is restricted to 304.04 MHz between source register "inst1" and destination register "inst0"
    Info: fmax restricted to clock pin edge rate 3.289 ns. Expand message to see actual delay path.
        Info: + Longest register to register delay is 1.812 ns
            Info: 1: + IC(0.000 ns) + CELL(0.000 ns) = 0.000 ns; Loc. = LC_X1_Y6_N5; Fanout = 4; REG Node = 'inst1'
            Info: 2: + IC(1.008 ns) + CELL(0.804 ns) = 1.812 ns; Loc. = LC_X1_Y6_N2; Fanout = 3; REG Node = 'inst0'
            Info: Total cell delay = 0.804 ns ( 44.37 % )
            Info: Total interconnect delay = 1.008 ns ( 55.63 % )
        Info: - Smallest clock skew is 0.000 ns
            Info: + Shortest clock path from clock "clk" to destination register is 3.681 ns
                Info: 1: + IC(0.000 ns) + CELL(1.163 ns) = 1.163 ns; Loc. = PIN_12; Fanout = 2; CLK Node = 'clk'
                Info: 2: + IC(1.600 ns) + CELL(0.918 ns) = 3.681 ns; Loc. = LC_X1_Y6_N2; Fanout = 3; REG Node = 'inst0'
                Info: Total cell delay = 2.081 ns ( 56.53 % )
                Info: Total interconnect delay = 1.600 ns ( 43.47 % )
            Info: - Longest clock path from clock "clk" to source register is 3.681 ns
                Info: 1: + IC(0.000 ns) + CELL(1.163 ns) = 1.163 ns; Loc. = PIN_12; Fanout = 2; CLK Node = 'clk'
                Info: 2: + IC(1.600 ns) + CELL(0.918 ns) = 3.681 ns; Loc. = LC_X1_Y6_N5; Fanout = 4; REG Node = 'inst1'
                Info: Total cell delay = 2.081 ns ( 56.53 % )
                Info: Total interconnect delay = 1.600 ns ( 43.47 % )
        Info: + Micro clock to output delay of source is 0.376 ns
        Info: + Micro setup delay of destination is 0.333 ns
Info: tsu for register "inst1" (data pin = "Y", clock pin = "clk") is 2.085 ns
    Info: + Longest pin to register delay is 5.433 ns
        Info: 1: + IC(0.000 ns) + CELL(1.132 ns) = 1.132 ns; Loc. = PIN_4; Fanout = 4; PIN Node = 'Y'
        Info: 2: + IC(3.240 ns) + CELL(1.061 ns) = 5.433 ns; Loc. = LC_X1_Y6_N5; Fanout = 4; REG Node = 'inst1'
        Info: Total cell delay = 2.193 ns ( 40.36 % )
        Info: Total interconnect delay = 3.240 ns ( 59.64 % )
    Info: + Micro setup delay of destination is 0.333 ns
    Info: - Shortest clock path from clock "clk" to destination register is 3.681 ns
        Info: 1: + IC(0.000 ns) + CELL(1.163 ns) = 1.163 ns; Loc. = PIN_12; Fanout = 2; CLK Node = 'clk'
        Info: 2: + IC(1.600 ns) + CELL(0.918 ns) = 3.681 ns; Loc. = LC_X1_Y6_N5; Fanout = 4; REG Node = 'inst1'
        Info: Total cell delay = 2.081 ns ( 56.53 % )
        Info: Total interconnect delay = 1.600 ns ( 43.47 % )
Info: tco from clock "clk" to destination pin "S" through register "inst1" is 10.833 ns
    Info: + Longest clock path from clock "clk" to source register is 3.681 ns
        Info: 1: + IC(0.000 ns) + CELL(1.163 ns) = 1.163 ns; Loc. = PIN_12; Fanout = 2; CLK Node = 'clk'
        Info: 2: + IC(1.600 ns) + CELL(0.918 ns) = 3.681 ns; Loc. = LC_X1_Y6_N5; Fanout = 4; REG Node = 'inst1'
        Info: Total cell delay = 2.081 ns ( 56.53 % )
        Info: Total interconnect delay = 1.600 ns ( 43.47 % )
    Info: + Micro clock to output delay of source is 0.376 ns
    Info: + Longest register to pin delay is 6.776 ns
        Info: 1: + IC(0.000 ns) + CELL(0.000 ns) = 0.000 ns; Loc. = LC_X1_Y6_N5; Fanout = 4; REG Node = 'inst1'
        Info: 2: + IC(1.009 ns) + CELL(0.511 ns) = 1.520 ns; Loc. = LC_X1_Y6_N1; Fanout = 1; COMB Node = 'inst17~0'
        Info: 3: + IC(2.934 ns) + CELL(2.322 ns) = 6.776 ns; Loc. = PIN_43; Fanout = 0; PIN Node = 'S'
        Info: Total cell delay = 2.833 ns ( 41.81 % )
        Info: Total interconnect delay = 3.943 ns ( 58.19 % )
Info: Longest tpd from source pin "X" to destination pin "S" is 9.845 ns
    Info: 1: + IC(0.000 ns) + CELL(1.132 ns) = 1.132 ns; Loc. = PIN_95; Fanout = 3; PIN Node = 'X'
    Info: 2: + IC(2.717 ns) + CELL(0.740 ns) = 4.589 ns; Loc. = LC_X1_Y6_N1; Fanout = 1; COMB Node = 'inst17~0'
    Info: 3: + IC(2.934 ns) + CELL(2.322 ns) = 9.845 ns; Loc. = PIN_43; Fanout = 0; PIN Node = 'S'
    Info: Total cell delay = 4.194 ns ( 42.60 % )
    Info: Total interconnect delay = 5.651 ns ( 57.40 % )
Info: th for register "inst1" (data pin = "X", clock pin = "clk") is -1.135 ns
    Info: + Longest clock path from clock "clk" to destination register is 3.681 ns
        Info: 1: + IC(0.000 ns) + CELL(1.163 ns) = 1.163 ns; Loc. = PIN_12; Fanout = 2; CLK Node = 'clk'
        Info: 2: + IC(1.600 ns) + CELL(0.918 ns) = 3.681 ns; Loc. = LC_X1_Y6_N5; Fanout = 4; REG Node = 'inst1'
        Info: Total cell delay = 2.081 ns ( 56.53 % )
        Info: Total interconnect delay = 1.600 ns ( 43.47 % )
    Info: + Micro hold delay of destination is 0.221 ns
    Info: - Shortest pin to register delay is 5.037 ns
        Info: 1: + IC(0.000 ns) + CELL(1.132 ns) = 1.132 ns; Loc. = PIN_95; Fanout = 3; PIN Node = 'X'
        Info: 2: + IC(2.722 ns) + CELL(1.183 ns) = 5.037 ns; Loc. = LC_X1_Y6_N5; Fanout = 4; REG Node = 'inst1'
        Info: Total cell delay = 2.315 ns ( 45.96 % )
        Info: Total interconnect delay = 2.722 ns ( 54.04 % )
Info: Quartus II Classic Timing Analyzer was successful. 0 errors, 1 warning
    Info: Peak virtual memory: 199 megabytes
    Info: Processing ended: Sun May 14 18:39:12 2017
    Info: Elapsed time: 00:00:00
    Info: Total CPU time (on all processors): 00:00:00


