Classic Timing Analyzer report for autoseller
Sun May 14 20:23:39 2017
Quartus II 64-Bit Version 9.1 Build 222 10/21/2009 SJ Full Version


---------------------
; Table of Contents ;
---------------------
  1. Legal Notice
  2. Timing Analyzer Summary
  3. Timing Analyzer Settings
  4. Clock Settings Summary
  5. Parallel Compilation
  6. Clock Setup: 'clk'
  7. tsu
  8. tco
  9. tpd
 10. th
 11. Timing Analyzer Messages



----------------
; Legal Notice ;
----------------
Copyright (C) 1991-2009 Altera Corporation
Your use of Altera Corporation's design tools, logic functions 
and other software and tools, and its AMPP partner logic 
functions, and any output files from any of the foregoing 
(including device programming or simulation files), and any 
associated documentation or information are expressly subject 
to the terms and conditions of the Altera Program License 
Subscription Agreement, Altera MegaCore Function License 
Agreement, or other applicable license agreement, including, 
without limitation, that your use is for the sole purpose of 
programming logic devices manufactured by Altera and sold by 
Altera or its authorized distributors.  Please refer to the 
applicable agreement for further details.



+--------------------------------------------------------------------------------------------------------------------------------------------------------------+
; Timing Analyzer Summary                                                                                                                                      ;
+------------------------------+-------+---------------+------------------------------------------------+-------+-------+------------+----------+--------------+
; Type                         ; Slack ; Required Time ; Actual Time                                    ; From  ; To    ; From Clock ; To Clock ; Failed Paths ;
+------------------------------+-------+---------------+------------------------------------------------+-------+-------+------------+----------+--------------+
; Worst-case tsu               ; N/A   ; None          ; 1.985 ns                                       ; X     ; inst1 ; --         ; clk      ; 0            ;
; Worst-case tco               ; N/A   ; None          ; 10.688 ns                                      ; inst1 ; Q0    ; clk        ; --       ; 0            ;
; Worst-case tpd               ; N/A   ; None          ; 9.686 ns                                       ; X     ; Q0    ; --         ; --       ; 0            ;
; Worst-case th                ; N/A   ; None          ; -1.273 ns                                      ; Y     ; inst0 ; --         ; clk      ; 0            ;
; Clock Setup: 'clk'           ; N/A   ; None          ; Restricted to 304.04 MHz ( period = 3.289 ns ) ; inst1 ; inst0 ; clk        ; clk      ; 0            ;
; Total number of failed paths ;       ;               ;                                                ;       ;       ;            ;          ; 0            ;
+------------------------------+-------+---------------+------------------------------------------------+-------+-------+------------+----------+--------------+


+-----------------------------------------------------------------------------------------------------------------------------------------------------+
; Timing Analyzer Settings                                                                                                                            ;
+------------------------------------------------------------------------------------------------------+--------------------+------+----+-------------+
; Option                                                                                               ; Setting            ; From ; To ; Entity Name ;
+------------------------------------------------------------------------------------------------------+--------------------+------+----+-------------+
; Device Name                                                                                          ; EPM570T100C5       ;      ;    ;             ;
; Timing Models                                                                                        ; Final              ;      ;    ;             ;
; Default hold multicycle                                                                              ; Same as Multicycle ;      ;    ;             ;
; Cut paths between unrelated clock domains                                                            ; On                 ;      ;    ;             ;
; Cut off read during write signal paths                                                               ; On                 ;      ;    ;             ;
; Cut off feedback from I/O pins                                                                       ; On                 ;      ;    ;             ;
; Report Combined Fast/Slow Timing                                                                     ; Off                ;      ;    ;             ;
; Ignore Clock Settings                                                                                ; Off                ;      ;    ;             ;
; Analyze latches as synchronous elements                                                              ; On                 ;      ;    ;             ;
; Enable Recovery/Removal analysis                                                                     ; Off                ;      ;    ;             ;
; Enable Clock Latency                                                                                 ; Off                ;      ;    ;             ;
; Use TimeQuest Timing Analyzer                                                                        ; Off                ;      ;    ;             ;
; Minimum Core Junction Temperature                                                                    ; 0                  ;      ;    ;             ;
; Maximum Core Junction Temperature                                                                    ; 85                 ;      ;    ;             ;
; Number of source nodes to report per destination node                                                ; 10                 ;      ;    ;             ;
; Number of destination nodes to report                                                                ; 10                 ;      ;    ;             ;
; Number of paths to report                                                                            ; 200                ;      ;    ;             ;
; Report Minimum Timing Checks                                                                         ; Off                ;      ;    ;             ;
; Use Fast Timing Models                                                                               ; Off                ;      ;    ;             ;
; Report IO Paths Separately                                                                           ; Off                ;      ;    ;             ;
; Perform Multicorner Analysis                                                                         ; Off                ;      ;    ;             ;
; Reports the worst-case path for each clock domain and analysis                                       ; Off                ;      ;    ;             ;
; Reports worst-case timing paths for each clock domain and analysis                                   ; On                 ;      ;    ;             ;
; Specifies the maximum number of worst-case timing paths to report for each clock domain and analysis ; 100                ;      ;    ;             ;
; Removes common clock path pessimism (CCPP) during slack computation                                  ; Off                ;      ;    ;             ;
; Output I/O Timing Endpoint                                                                           ; Near End           ;      ;    ;             ;
+------------------------------------------------------------------------------------------------------+--------------------+------+----+-------------+


+------------------------------------------------------------------------------------------------------------------------------------------------------------------------------------+
; Clock Settings Summary                                                                                                                                                             ;
+-----------------+--------------------+----------+------------------+---------------+--------------+----------+-----------------------+---------------------+--------+--------------+
; Clock Node Name ; Clock Setting Name ; Type     ; Fmax Requirement ; Early Latency ; Late Latency ; Based on ; Multiply Base Fmax by ; Divide Base Fmax by ; Offset ; Phase offset ;
+-----------------+--------------------+----------+------------------+---------------+--------------+----------+-----------------------+---------------------+--------+--------------+
; clk             ;                    ; User Pin ; None             ; 0.000 ns      ; 0.000 ns     ; --       ; N/A                   ; N/A                 ; N/A    ;              ;
+-----------------+--------------------+----------+------------------+---------------+--------------+----------+-----------------------+---------------------+--------+--------------+


+------------------------------------------+
; Parallel Compilation                     ;
+----------------------------+-------------+
; Processors                 ; Number      ;
+----------------------------+-------------+
; Number detected on machine ; 2           ;
; Maximum allowed            ; 2           ;
;                            ;             ;
; Average used               ; 1.00        ;
; Maximum used               ; 1           ;
;                            ;             ;
; Usage by Processor         ; % Time Used ;
;     1 processor            ; 100.0%      ;
;     2 processors           ;   0.0%      ;
+----------------------------+-------------+


+------------------------------------------------------------------------------------------------------------------------------------------------------------------------------------+
; Clock Setup: 'clk'                                                                                                                                                                 ;
+-------+------------------------------------------------+-------+-------+------------+----------+-----------------------------+---------------------------+-------------------------+
; Slack ; Actual fmax (period)                           ; From  ; To    ; From Clock ; To Clock ; Required Setup Relationship ; Required Longest P2P Time ; Actual Longest P2P Time ;
+-------+------------------------------------------------+-------+-------+------------+----------+-----------------------------+---------------------------+-------------------------+
; N/A   ; Restricted to 304.04 MHz ( period = 3.289 ns ) ; inst1 ; inst0 ; clk        ; clk      ; None                        ; None                      ; 2.100 ns                ;
; N/A   ; Restricted to 304.04 MHz ( period = 3.289 ns ) ; inst1 ; inst2 ; clk        ; clk      ; None                        ; None                      ; 1.793 ns                ;
; N/A   ; Restricted to 304.04 MHz ( period = 3.289 ns ) ; inst1 ; inst3 ; clk        ; clk      ; None                        ; None                      ; 1.784 ns                ;
; N/A   ; Restricted to 304.04 MHz ( period = 3.289 ns ) ; inst0 ; inst1 ; clk        ; clk      ; None                        ; None                      ; 1.508 ns                ;
; N/A   ; Restricted to 304.04 MHz ( period = 3.289 ns ) ; inst0 ; inst3 ; clk        ; clk      ; None                        ; None                      ; 1.507 ns                ;
; N/A   ; Restricted to 304.04 MHz ( period = 3.289 ns ) ; inst1 ; inst1 ; clk        ; clk      ; None                        ; None                      ; 0.923 ns                ;
; N/A   ; Restricted to 304.04 MHz ( period = 3.289 ns ) ; inst0 ; inst0 ; clk        ; clk      ; None                        ; None                      ; 0.923 ns                ;
+-------+------------------------------------------------+-------+-------+------------+----------+-----------------------------+---------------------------+-------------------------+


+-------------------------------------------------------------+
; tsu                                                         ;
+-------+--------------+------------+------+-------+----------+
; Slack ; Required tsu ; Actual tsu ; From ; To    ; To Clock ;
+-------+--------------+------------+------+-------+----------+
; N/A   ; None         ; 1.985 ns   ; X    ; inst1 ; clk      ;
; N/A   ; None         ; 1.984 ns   ; X    ; inst3 ; clk      ;
; N/A   ; None         ; 1.955 ns   ; Y    ; inst1 ; clk      ;
; N/A   ; None         ; 1.955 ns   ; Y    ; inst3 ; clk      ;
; N/A   ; None         ; 1.949 ns   ; Y    ; inst2 ; clk      ;
; N/A   ; None         ; 1.929 ns   ; X    ; inst0 ; clk      ;
; N/A   ; None         ; 1.827 ns   ; Y    ; inst0 ; clk      ;
+-------+--------------+------------+------+-------+----------+


+--------------------------------------------------------------+
; tco                                                          ;
+-------+--------------+------------+-------+-----+------------+
; Slack ; Required tco ; Actual tco ; From  ; To  ; From Clock ;
+-------+--------------+------------+-------+-----+------------+
; N/A   ; None         ; 10.688 ns  ; inst1 ; Q0  ; clk        ;
; N/A   ; None         ; 10.445 ns  ; inst1 ; Q1_ ; clk        ;
; N/A   ; None         ; 9.452 ns   ; inst0 ; Q0  ; clk        ;
; N/A   ; None         ; 9.450 ns   ; inst0 ; Q1  ; clk        ;
; N/A   ; None         ; 9.205 ns   ; inst0 ; Q0_ ; clk        ;
; N/A   ; None         ; 8.933 ns   ; inst2 ; P   ; clk        ;
; N/A   ; None         ; 8.928 ns   ; inst1 ; Q1  ; clk        ;
; N/A   ; None         ; 8.630 ns   ; inst3 ; S   ; clk        ;
+-------+--------------+------------+-------+-----+------------+


+---------------------------------------------------------+
; tpd                                                     ;
+-------+-------------------+-----------------+------+----+
; Slack ; Required P2P Time ; Actual P2P Time ; From ; To ;
+-------+-------------------+-----------------+------+----+
; N/A   ; None              ; 9.686 ns        ; X    ; Q0 ;
; N/A   ; None              ; 9.654 ns        ; Y    ; Q0 ;
; N/A   ; None              ; 9.340 ns        ; X    ; Q1 ;
; N/A   ; None              ; 9.258 ns        ; Y    ; Q1 ;
+-------+-------------------+-----------------+------+----+


+-------------------------------------------------------------------+
; th                                                                ;
+---------------+-------------+-----------+------+-------+----------+
; Minimum Slack ; Required th ; Actual th ; From ; To    ; To Clock ;
+---------------+-------------+-----------+------+-------+----------+
; N/A           ; None        ; -1.273 ns ; Y    ; inst0 ; clk      ;
; N/A           ; None        ; -1.375 ns ; X    ; inst0 ; clk      ;
; N/A           ; None        ; -1.395 ns ; Y    ; inst2 ; clk      ;
; N/A           ; None        ; -1.401 ns ; Y    ; inst1 ; clk      ;
; N/A           ; None        ; -1.401 ns ; Y    ; inst3 ; clk      ;
; N/A           ; None        ; -1.430 ns ; X    ; inst3 ; clk      ;
; N/A           ; None        ; -1.431 ns ; X    ; inst1 ; clk      ;
+---------------+-------------+-----------+------+-------+----------+


+--------------------------+
; Timing Analyzer Messages ;
+--------------------------+
Info: *******************************************************************
Info: Running Quartus II 64-Bit Classic Timing Analyzer
    Info: Version 9.1 Build 222 10/21/2009 SJ Full Version
    Info: Processing started: Sun May 14 20:23:39 2017
Info: Command: quartus_tan --read_settings_files=off --write_settings_files=off autoseller -c autoseller
Info: Parallel compilation is enabled and will use 2 of the 2 processors detected
Info: Started post-fitting delay annotation
Info: Delay annotation completed successfully
Warning: Found pins functioning as undefined clocks and/or memory enables
    Info: Assuming node "clk" is an undefined clock
Info: Clock "clk" Internal fmax is restricted to 304.04 MHz between source register "inst1" and destination register "inst0"
    Info: fmax restricted to clock pin edge rate 3.289 ns. Expand message to see actual delay path.
        Info: + Longest register to register delay is 2.100 ns
            Info: 1: + IC(0.000 ns) + CELL(0.000 ns) = 0.000 ns; Loc. = LC_X4_Y7_N5; Fanout = 7; REG Node = 'inst1'
            Info: 2: + IC(0.917 ns) + CELL(1.183 ns) = 2.100 ns; Loc. = LC_X4_Y7_N8; Fanout = 6; REG Node = 'inst0'
            Info: Total cell delay = 1.183 ns ( 56.33 % )
            Info: Total interconnect delay = 0.917 ns ( 43.67 % )
        Info: - Smallest clock skew is 0.000 ns
            Info: + Shortest clock path from clock "clk" to destination register is 3.681 ns
                Info: 1: + IC(0.000 ns) + CELL(1.163 ns) = 1.163 ns; Loc. = PIN_12; Fanout = 4; CLK Node = 'clk'
                Info: 2: + IC(1.600 ns) + CELL(0.918 ns) = 3.681 ns; Loc. = LC_X4_Y7_N8; Fanout = 6; REG Node = 'inst0'
                Info: Total cell delay = 2.081 ns ( 56.53 % )
                Info: Total interconnect delay = 1.600 ns ( 43.47 % )
            Info: - Longest clock path from clock "clk" to source register is 3.681 ns
                Info: 1: + IC(0.000 ns) + CELL(1.163 ns) = 1.163 ns; Loc. = PIN_12; Fanout = 4; CLK Node = 'clk'
                Info: 2: + IC(1.600 ns) + CELL(0.918 ns) = 3.681 ns; Loc. = LC_X4_Y7_N5; Fanout = 7; REG Node = 'inst1'
                Info: Total cell delay = 2.081 ns ( 56.53 % )
                Info: Total interconnect delay = 1.600 ns ( 43.47 % )
        Info: + Micro clock to output delay of source is 0.376 ns
        Info: + Micro setup delay of destination is 0.333 ns
Info: tsu for register "inst1" (data pin = "X", clock pin = "clk") is 1.985 ns
    Info: + Longest pin to register delay is 5.333 ns
        Info: 1: + IC(0.000 ns) + CELL(1.132 ns) = 1.132 ns; Loc. = PIN_74; Fanout = 5; PIN Node = 'X'
        Info: 2: + IC(3.018 ns) + CELL(1.183 ns) = 5.333 ns; Loc. = LC_X4_Y7_N5; Fanout = 7; REG Node = 'inst1'
        Info: Total cell delay = 2.315 ns ( 43.41 % )
        Info: Total interconnect delay = 3.018 ns ( 56.59 % )
    Info: + Micro setup delay of destination is 0.333 ns
    Info: - Shortest clock path from clock "clk" to destination register is 3.681 ns
        Info: 1: + IC(0.000 ns) + CELL(1.163 ns) = 1.163 ns; Loc. = PIN_12; Fanout = 4; CLK Node = 'clk'
        Info: 2: + IC(1.600 ns) + CELL(0.918 ns) = 3.681 ns; Loc. = LC_X4_Y7_N5; Fanout = 7; REG Node = 'inst1'
        Info: Total cell delay = 2.081 ns ( 56.53 % )
        Info: Total interconnect delay = 1.600 ns ( 43.47 % )
Info: tco from clock "clk" to destination pin "Q0" through register "inst1" is 10.688 ns
    Info: + Longest clock path from clock "clk" to source register is 3.681 ns
        Info: 1: + IC(0.000 ns) + CELL(1.163 ns) = 1.163 ns; Loc. = PIN_12; Fanout = 4; CLK Node = 'clk'
        Info: 2: + IC(1.600 ns) + CELL(0.918 ns) = 3.681 ns; Loc. = LC_X4_Y7_N5; Fanout = 7; REG Node = 'inst1'
        Info: Total cell delay = 2.081 ns ( 56.53 % )
        Info: Total interconnect delay = 1.600 ns ( 43.47 % )
    Info: + Micro clock to output delay of source is 0.376 ns
    Info: + Longest register to pin delay is 6.631 ns
        Info: 1: + IC(0.000 ns) + CELL(0.000 ns) = 0.000 ns; Loc. = LC_X4_Y7_N5; Fanout = 7; REG Node = 'inst1'
        Info: 2: + IC(0.917 ns) + CELL(0.914 ns) = 1.831 ns; Loc. = LC_X4_Y7_N8; Fanout = 1; COMB Node = 'inst6'
        Info: 3: + IC(2.478 ns) + CELL(2.322 ns) = 6.631 ns; Loc. = PIN_15; Fanout = 0; PIN Node = 'Q0'
        Info: Total cell delay = 3.236 ns ( 48.80 % )
        Info: Total interconnect delay = 3.395 ns ( 51.20 % )
Info: Longest tpd from source pin "X" to destination pin "Q0" is 9.686 ns
    Info: 1: + IC(0.000 ns) + CELL(1.132 ns) = 1.132 ns; Loc. = PIN_74; Fanout = 5; PIN Node = 'X'
    Info: 2: + IC(3.554 ns) + CELL(0.200 ns) = 4.886 ns; Loc. = LC_X4_Y7_N8; Fanout = 1; COMB Node = 'inst6'
    Info: 3: + IC(2.478 ns) + CELL(2.322 ns) = 9.686 ns; Loc. = PIN_15; Fanout = 0; PIN Node = 'Q0'
    Info: Total cell delay = 3.654 ns ( 37.72 % )
    Info: Total interconnect delay = 6.032 ns ( 62.28 % )
Info: th for register "inst0" (data pin = "Y", clock pin = "clk") is -1.273 ns
    Info: + Longest clock path from clock "clk" to destination register is 3.681 ns
        Info: 1: + IC(0.000 ns) + CELL(1.163 ns) = 1.163 ns; Loc. = PIN_12; Fanout = 4; CLK Node = 'clk'
        Info: 2: + IC(1.600 ns) + CELL(0.918 ns) = 3.681 ns; Loc. = LC_X4_Y7_N8; Fanout = 6; REG Node = 'inst0'
        Info: Total cell delay = 2.081 ns ( 56.53 % )
        Info: Total interconnect delay = 1.600 ns ( 43.47 % )
    Info: + Micro hold delay of destination is 0.221 ns
    Info: - Shortest pin to register delay is 5.175 ns
        Info: 1: + IC(0.000 ns) + CELL(1.132 ns) = 1.132 ns; Loc. = PIN_5; Fanout = 6; PIN Node = 'Y'
        Info: 2: + IC(2.982 ns) + CELL(1.061 ns) = 5.175 ns; Loc. = LC_X4_Y7_N8; Fanout = 6; REG Node = 'inst0'
        Info: Total cell delay = 2.193 ns ( 42.38 % )
        Info: Total interconnect delay = 2.982 ns ( 57.62 % )
Info: Quartus II 64-Bit Classic Timing Analyzer was successful. 0 errors, 1 warning
    Info: Peak virtual memory: 229 megabytes
    Info: Processing ended: Sun May 14 20:23:39 2017
    Info: Elapsed time: 00:00:00
    Info: Total CPU time (on all processors): 00:00:01


