Classic Timing Analyzer report for timer_VHDL
Tue May 23 17:01:49 2017
Quartus II Version 9.1 Build 222 10/21/2009 SJ Full Version


---------------------
; Table of Contents ;
---------------------
  1. Legal Notice
  2. Timing Analyzer Summary
  3. Timing Analyzer Settings
  4. Clock Settings Summary
  5. Parallel Compilation
  6. Clock Setup: 'clk'
  7. tsu
  8. tco
  9. tpd
 10. th
 11. Timing Analyzer Messages



----------------
; Legal Notice ;
----------------
Copyright (C) 1991-2009 Altera Corporation
Your use of Altera Corporation's design tools, logic functions 
and other software and tools, and its AMPP partner logic 
functions, and any output files from any of the foregoing 
(including device programming or simulation files), and any 
associated documentation or information are expressly subject 
to the terms and conditions of the Altera Program License 
Subscription Agreement, Altera MegaCore Function License 
Agreement, or other applicable license agreement, including, 
without limitation, that your use is for the sole purpose of 
programming logic devices manufactured by Altera and sold by 
Altera or its authorized distributors.  Please refer to the 
applicable agreement for further details.



+---------------------------------------------------------------------------------------------------------------------------------------------------------------------------+
; Timing Analyzer Summary                                                                                                                                                   ;
+------------------------------+-------+---------------+----------------------------------+--------------------+---------------------+------------+----------+--------------+
; Type                         ; Slack ; Required Time ; Actual Time                      ; From               ; To                  ; From Clock ; To Clock ; Failed Paths ;
+------------------------------+-------+---------------+----------------------------------+--------------------+---------------------+------------+----------+--------------+
; Worst-case tsu               ; N/A   ; None          ; 4.686 ns                         ; set_min            ; timer:inst|MIN1[1]  ; --         ; clk      ; 0            ;
; Worst-case tco               ; N/A   ; None          ; 15.182 ns                        ; timer:inst|SEC0[3] ; ALARM               ; clk        ; --       ; 0            ;
; Worst-case tpd               ; N/A   ; None          ; 9.686 ns                         ; set_min            ; ALARM               ; --         ; --       ; 0            ;
; Worst-case th                ; N/A   ; None          ; -2.486 ns                        ; set_hour           ; timer:inst|HOUR1[3] ; --         ; clk      ; 0            ;
; Clock Setup: 'clk'           ; N/A   ; None          ; 106.11 MHz ( period = 9.424 ns ) ; timer:inst|MIN0[2] ; timer:inst|HOUR0[0] ; clk        ; clk      ; 0            ;
; Total number of failed paths ;       ;               ;                                  ;                    ;                     ;            ;          ; 0            ;
+------------------------------+-------+---------------+----------------------------------+--------------------+---------------------+------------+----------+--------------+


+-----------------------------------------------------------------------------------------------------------------------------------------------------+
; Timing Analyzer Settings                                                                                                                            ;
+------------------------------------------------------------------------------------------------------+--------------------+------+----+-------------+
; Option                                                                                               ; Setting            ; From ; To ; Entity Name ;
+------------------------------------------------------------------------------------------------------+--------------------+------+----+-------------+
; Device Name                                                                                          ; EPM570T100C5       ;      ;    ;             ;
; Timing Models                                                                                        ; Final              ;      ;    ;             ;
; Default hold multicycle                                                                              ; Same as Multicycle ;      ;    ;             ;
; Cut paths between unrelated clock domains                                                            ; On                 ;      ;    ;             ;
; Cut off read during write signal paths                                                               ; On                 ;      ;    ;             ;
; Cut off feedback from I/O pins                                                                       ; On                 ;      ;    ;             ;
; Report Combined Fast/Slow Timing                                                                     ; Off                ;      ;    ;             ;
; Ignore Clock Settings                                                                                ; Off                ;      ;    ;             ;
; Analyze latches as synchronous elements                                                              ; On                 ;      ;    ;             ;
; Enable Recovery/Removal analysis                                                                     ; Off                ;      ;    ;             ;
; Enable Clock Latency                                                                                 ; Off                ;      ;    ;             ;
; Use TimeQuest Timing Analyzer                                                                        ; Off                ;      ;    ;             ;
; Minimum Core Junction Temperature                                                                    ; 0                  ;      ;    ;             ;
; Maximum Core Junction Temperature                                                                    ; 85                 ;      ;    ;             ;
; Number of source nodes to report per destination node                                                ; 10                 ;      ;    ;             ;
; Number of destination nodes to report                                                                ; 10                 ;      ;    ;             ;
; Number of paths to report                                                                            ; 200                ;      ;    ;             ;
; Report Minimum Timing Checks                                                                         ; Off                ;      ;    ;             ;
; Use Fast Timing Models                                                                               ; Off                ;      ;    ;             ;
; Report IO Paths Separately                                                                           ; Off                ;      ;    ;             ;
; Perform Multicorner Analysis                                                                         ; Off                ;      ;    ;             ;
; Reports the worst-case path for each clock domain and analysis                                       ; Off                ;      ;    ;             ;
; Reports worst-case timing paths for each clock domain and analysis                                   ; On                 ;      ;    ;             ;
; Specifies the maximum number of worst-case timing paths to report for each clock domain and analysis ; 100                ;      ;    ;             ;
; Removes common clock path pessimism (CCPP) during slack computation                                  ; Off                ;      ;    ;             ;
; Output I/O Timing Endpoint                                                                           ; Near End           ;      ;    ;             ;
+------------------------------------------------------------------------------------------------------+--------------------+------+----+-------------+


+------------------------------------------------------------------------------------------------------------------------------------------------------------------------------------+
; Clock Settings Summary                                                                                                                                                             ;
+-----------------+--------------------+----------+------------------+---------------+--------------+----------+-----------------------+---------------------+--------+--------------+
; Clock Node Name ; Clock Setting Name ; Type     ; Fmax Requirement ; Early Latency ; Late Latency ; Based on ; Multiply Base Fmax by ; Divide Base Fmax by ; Offset ; Phase offset ;
+-----------------+--------------------+----------+------------------+---------------+--------------+----------+-----------------------+---------------------+--------+--------------+
; clk             ;                    ; User Pin ; None             ; 0.000 ns      ; 0.000 ns     ; --       ; N/A                   ; N/A                 ; N/A    ;              ;
+-----------------+--------------------+----------+------------------+---------------+--------------+----------+-----------------------+---------------------+--------+--------------+


+------------------------------------------+
; Parallel Compilation                     ;
+----------------------------+-------------+
; Processors                 ; Number      ;
+----------------------------+-------------+
; Number detected on machine ; 2           ;
; Maximum allowed            ; 2           ;
;                            ;             ;
; Average used               ; 1.00        ;
; Maximum used               ; 1           ;
;                            ;             ;
; Usage by Processor         ; % Time Used ;
;     1 processor            ; 100.0%      ;
;     2 processors           ;   0.0%      ;
+----------------------------+-------------+


+-------------------------------------------------------------------------------------------------------------------------------------------------------------------------------------------------------------------------------------------------------+
; Clock Setup: 'clk'                                                                                                                                                                                                                                    ;
+-----------------------------------------+-----------------------------------------------------+---------------------+---------------------+------------+----------+-----------------------------+---------------------------+-------------------------+
; Slack                                   ; Actual fmax (period)                                ; From                ; To                  ; From Clock ; To Clock ; Required Setup Relationship ; Required Longest P2P Time ; Actual Longest P2P Time ;
+-----------------------------------------+-----------------------------------------------------+---------------------+---------------------+------------+----------+-----------------------------+---------------------------+-------------------------+
; N/A                                     ; 106.11 MHz ( period = 9.424 ns )                    ; timer:inst|MIN0[2]  ; timer:inst|HOUR1[0] ; clk        ; clk      ; None                        ; None                      ; 8.715 ns                ;
; N/A                                     ; 106.11 MHz ( period = 9.424 ns )                    ; timer:inst|MIN0[2]  ; timer:inst|HOUR1[1] ; clk        ; clk      ; None                        ; None                      ; 8.715 ns                ;
; N/A                                     ; 106.11 MHz ( period = 9.424 ns )                    ; timer:inst|MIN0[2]  ; timer:inst|HOUR1[2] ; clk        ; clk      ; None                        ; None                      ; 8.715 ns                ;
; N/A                                     ; 106.11 MHz ( period = 9.424 ns )                    ; timer:inst|MIN0[2]  ; timer:inst|HOUR0[0] ; clk        ; clk      ; None                        ; None                      ; 8.715 ns                ;
; N/A                                     ; 107.82 MHz ( period = 9.275 ns )                    ; timer:inst|MIN0[0]  ; timer:inst|HOUR1[0] ; clk        ; clk      ; None                        ; None                      ; 8.566 ns                ;
; N/A                                     ; 107.82 MHz ( period = 9.275 ns )                    ; timer:inst|MIN0[0]  ; timer:inst|HOUR1[1] ; clk        ; clk      ; None                        ; None                      ; 8.566 ns                ;
; N/A                                     ; 107.82 MHz ( period = 9.275 ns )                    ; timer:inst|MIN0[0]  ; timer:inst|HOUR1[2] ; clk        ; clk      ; None                        ; None                      ; 8.566 ns                ;
; N/A                                     ; 107.82 MHz ( period = 9.275 ns )                    ; timer:inst|MIN0[0]  ; timer:inst|HOUR0[0] ; clk        ; clk      ; None                        ; None                      ; 8.566 ns                ;
; N/A                                     ; 109.41 MHz ( period = 9.140 ns )                    ; timer:inst|MIN0[1]  ; timer:inst|HOUR1[0] ; clk        ; clk      ; None                        ; None                      ; 8.431 ns                ;
; N/A                                     ; 109.41 MHz ( period = 9.140 ns )                    ; timer:inst|MIN0[1]  ; timer:inst|HOUR1[1] ; clk        ; clk      ; None                        ; None                      ; 8.431 ns                ;
; N/A                                     ; 109.41 MHz ( period = 9.140 ns )                    ; timer:inst|MIN0[1]  ; timer:inst|HOUR1[2] ; clk        ; clk      ; None                        ; None                      ; 8.431 ns                ;
; N/A                                     ; 109.41 MHz ( period = 9.140 ns )                    ; timer:inst|MIN0[1]  ; timer:inst|HOUR0[0] ; clk        ; clk      ; None                        ; None                      ; 8.431 ns                ;
; N/A                                     ; 110.52 MHz ( period = 9.048 ns )                    ; timer:inst|MIN0[2]  ; timer:inst|HOUR0[3] ; clk        ; clk      ; None                        ; None                      ; 8.339 ns                ;
; N/A                                     ; 110.52 MHz ( period = 9.048 ns )                    ; timer:inst|MIN0[2]  ; timer:inst|HOUR0[2] ; clk        ; clk      ; None                        ; None                      ; 8.339 ns                ;
; N/A                                     ; 110.52 MHz ( period = 9.048 ns )                    ; timer:inst|MIN0[2]  ; timer:inst|HOUR0[1] ; clk        ; clk      ; None                        ; None                      ; 8.339 ns                ;
; N/A                                     ; 110.52 MHz ( period = 9.048 ns )                    ; timer:inst|MIN0[2]  ; timer:inst|HOUR1[3] ; clk        ; clk      ; None                        ; None                      ; 8.339 ns                ;
; N/A                                     ; 112.37 MHz ( period = 8.899 ns )                    ; timer:inst|MIN0[0]  ; timer:inst|HOUR0[3] ; clk        ; clk      ; None                        ; None                      ; 8.190 ns                ;
; N/A                                     ; 112.37 MHz ( period = 8.899 ns )                    ; timer:inst|MIN0[0]  ; timer:inst|HOUR0[2] ; clk        ; clk      ; None                        ; None                      ; 8.190 ns                ;
; N/A                                     ; 112.37 MHz ( period = 8.899 ns )                    ; timer:inst|MIN0[0]  ; timer:inst|HOUR0[1] ; clk        ; clk      ; None                        ; None                      ; 8.190 ns                ;
; N/A                                     ; 112.37 MHz ( period = 8.899 ns )                    ; timer:inst|MIN0[0]  ; timer:inst|HOUR1[3] ; clk        ; clk      ; None                        ; None                      ; 8.190 ns                ;
; N/A                                     ; 112.74 MHz ( period = 8.870 ns )                    ; timer:inst|MIN0[3]  ; timer:inst|HOUR1[0] ; clk        ; clk      ; None                        ; None                      ; 8.161 ns                ;
; N/A                                     ; 112.74 MHz ( period = 8.870 ns )                    ; timer:inst|MIN0[3]  ; timer:inst|HOUR1[1] ; clk        ; clk      ; None                        ; None                      ; 8.161 ns                ;
; N/A                                     ; 112.74 MHz ( period = 8.870 ns )                    ; timer:inst|MIN0[3]  ; timer:inst|HOUR1[2] ; clk        ; clk      ; None                        ; None                      ; 8.161 ns                ;
; N/A                                     ; 112.74 MHz ( period = 8.870 ns )                    ; timer:inst|MIN0[3]  ; timer:inst|HOUR0[0] ; clk        ; clk      ; None                        ; None                      ; 8.161 ns                ;
; N/A                                     ; 113.16 MHz ( period = 8.837 ns )                    ; timer:inst|SEC0[1]  ; timer:inst|HOUR1[0] ; clk        ; clk      ; None                        ; None                      ; 8.128 ns                ;
; N/A                                     ; 113.16 MHz ( period = 8.837 ns )                    ; timer:inst|SEC0[1]  ; timer:inst|HOUR1[1] ; clk        ; clk      ; None                        ; None                      ; 8.128 ns                ;
; N/A                                     ; 113.16 MHz ( period = 8.837 ns )                    ; timer:inst|SEC0[1]  ; timer:inst|HOUR1[2] ; clk        ; clk      ; None                        ; None                      ; 8.128 ns                ;
; N/A                                     ; 113.16 MHz ( period = 8.837 ns )                    ; timer:inst|SEC0[1]  ; timer:inst|HOUR0[0] ; clk        ; clk      ; None                        ; None                      ; 8.128 ns                ;
; N/A                                     ; 114.10 MHz ( period = 8.764 ns )                    ; timer:inst|MIN0[1]  ; timer:inst|HOUR0[3] ; clk        ; clk      ; None                        ; None                      ; 8.055 ns                ;
; N/A                                     ; 114.10 MHz ( period = 8.764 ns )                    ; timer:inst|MIN0[1]  ; timer:inst|HOUR0[2] ; clk        ; clk      ; None                        ; None                      ; 8.055 ns                ;
; N/A                                     ; 114.10 MHz ( period = 8.764 ns )                    ; timer:inst|MIN0[1]  ; timer:inst|HOUR0[1] ; clk        ; clk      ; None                        ; None                      ; 8.055 ns                ;
; N/A                                     ; 114.10 MHz ( period = 8.764 ns )                    ; timer:inst|MIN0[1]  ; timer:inst|HOUR1[3] ; clk        ; clk      ; None                        ; None                      ; 8.055 ns                ;
; N/A                                     ; 114.59 MHz ( period = 8.727 ns )                    ; timer:inst|MIN1[0]  ; timer:inst|HOUR1[0] ; clk        ; clk      ; None                        ; None                      ; 8.018 ns                ;
; N/A                                     ; 114.59 MHz ( period = 8.727 ns )                    ; timer:inst|MIN1[0]  ; timer:inst|HOUR1[1] ; clk        ; clk      ; None                        ; None                      ; 8.018 ns                ;
; N/A                                     ; 114.59 MHz ( period = 8.727 ns )                    ; timer:inst|MIN1[0]  ; timer:inst|HOUR1[2] ; clk        ; clk      ; None                        ; None                      ; 8.018 ns                ;
; N/A                                     ; 114.59 MHz ( period = 8.727 ns )                    ; timer:inst|MIN1[0]  ; timer:inst|HOUR0[0] ; clk        ; clk      ; None                        ; None                      ; 8.018 ns                ;
; N/A                                     ; 114.61 MHz ( period = 8.725 ns )                    ; timer:inst|MIN1[1]  ; timer:inst|HOUR1[0] ; clk        ; clk      ; None                        ; None                      ; 8.016 ns                ;
; N/A                                     ; 114.61 MHz ( period = 8.725 ns )                    ; timer:inst|MIN1[1]  ; timer:inst|HOUR1[1] ; clk        ; clk      ; None                        ; None                      ; 8.016 ns                ;
; N/A                                     ; 114.61 MHz ( period = 8.725 ns )                    ; timer:inst|MIN1[1]  ; timer:inst|HOUR1[2] ; clk        ; clk      ; None                        ; None                      ; 8.016 ns                ;
; N/A                                     ; 114.61 MHz ( period = 8.725 ns )                    ; timer:inst|MIN1[1]  ; timer:inst|HOUR0[0] ; clk        ; clk      ; None                        ; None                      ; 8.016 ns                ;
; N/A                                     ; 115.14 MHz ( period = 8.685 ns )                    ; timer:inst|SEC0[0]  ; timer:inst|HOUR1[0] ; clk        ; clk      ; None                        ; None                      ; 7.976 ns                ;
; N/A                                     ; 115.14 MHz ( period = 8.685 ns )                    ; timer:inst|SEC0[0]  ; timer:inst|HOUR1[1] ; clk        ; clk      ; None                        ; None                      ; 7.976 ns                ;
; N/A                                     ; 115.14 MHz ( period = 8.685 ns )                    ; timer:inst|SEC0[0]  ; timer:inst|HOUR1[2] ; clk        ; clk      ; None                        ; None                      ; 7.976 ns                ;
; N/A                                     ; 115.14 MHz ( period = 8.685 ns )                    ; timer:inst|SEC0[0]  ; timer:inst|HOUR0[0] ; clk        ; clk      ; None                        ; None                      ; 7.976 ns                ;
; N/A                                     ; 115.65 MHz ( period = 8.647 ns )                    ; timer:inst|SEC0[1]  ; timer:inst|MIN1[0]  ; clk        ; clk      ; None                        ; None                      ; 7.938 ns                ;
; N/A                                     ; 115.65 MHz ( period = 8.647 ns )                    ; timer:inst|SEC0[1]  ; timer:inst|MIN1[2]  ; clk        ; clk      ; None                        ; None                      ; 7.938 ns                ;
; N/A                                     ; 115.65 MHz ( period = 8.647 ns )                    ; timer:inst|SEC0[1]  ; timer:inst|MIN1[1]  ; clk        ; clk      ; None                        ; None                      ; 7.938 ns                ;
; N/A                                     ; 116.29 MHz ( period = 8.599 ns )                    ; timer:inst|SEC1[0]  ; timer:inst|HOUR1[0] ; clk        ; clk      ; None                        ; None                      ; 7.890 ns                ;
; N/A                                     ; 116.29 MHz ( period = 8.599 ns )                    ; timer:inst|SEC1[0]  ; timer:inst|HOUR1[1] ; clk        ; clk      ; None                        ; None                      ; 7.890 ns                ;
; N/A                                     ; 116.29 MHz ( period = 8.599 ns )                    ; timer:inst|SEC1[0]  ; timer:inst|HOUR1[2] ; clk        ; clk      ; None                        ; None                      ; 7.890 ns                ;
; N/A                                     ; 116.29 MHz ( period = 8.599 ns )                    ; timer:inst|SEC1[0]  ; timer:inst|HOUR0[0] ; clk        ; clk      ; None                        ; None                      ; 7.890 ns                ;
; N/A                                     ; 117.72 MHz ( period = 8.495 ns )                    ; timer:inst|SEC0[0]  ; timer:inst|MIN1[0]  ; clk        ; clk      ; None                        ; None                      ; 7.786 ns                ;
; N/A                                     ; 117.72 MHz ( period = 8.495 ns )                    ; timer:inst|SEC0[0]  ; timer:inst|MIN1[2]  ; clk        ; clk      ; None                        ; None                      ; 7.786 ns                ;
; N/A                                     ; 117.72 MHz ( period = 8.495 ns )                    ; timer:inst|SEC0[0]  ; timer:inst|MIN1[1]  ; clk        ; clk      ; None                        ; None                      ; 7.786 ns                ;
; N/A                                     ; 117.73 MHz ( period = 8.494 ns )                    ; timer:inst|MIN0[3]  ; timer:inst|HOUR0[3] ; clk        ; clk      ; None                        ; None                      ; 7.785 ns                ;
; N/A                                     ; 117.73 MHz ( period = 8.494 ns )                    ; timer:inst|MIN0[3]  ; timer:inst|HOUR0[2] ; clk        ; clk      ; None                        ; None                      ; 7.785 ns                ;
; N/A                                     ; 117.73 MHz ( period = 8.494 ns )                    ; timer:inst|MIN0[3]  ; timer:inst|HOUR0[1] ; clk        ; clk      ; None                        ; None                      ; 7.785 ns                ;
; N/A                                     ; 117.73 MHz ( period = 8.494 ns )                    ; timer:inst|MIN0[3]  ; timer:inst|HOUR1[3] ; clk        ; clk      ; None                        ; None                      ; 7.785 ns                ;
; N/A                                     ; 118.19 MHz ( period = 8.461 ns )                    ; timer:inst|SEC0[1]  ; timer:inst|HOUR0[3] ; clk        ; clk      ; None                        ; None                      ; 7.752 ns                ;
; N/A                                     ; 118.19 MHz ( period = 8.461 ns )                    ; timer:inst|SEC0[1]  ; timer:inst|HOUR0[2] ; clk        ; clk      ; None                        ; None                      ; 7.752 ns                ;
; N/A                                     ; 118.19 MHz ( period = 8.461 ns )                    ; timer:inst|SEC0[1]  ; timer:inst|HOUR0[1] ; clk        ; clk      ; None                        ; None                      ; 7.752 ns                ;
; N/A                                     ; 118.19 MHz ( period = 8.461 ns )                    ; timer:inst|SEC0[1]  ; timer:inst|HOUR1[3] ; clk        ; clk      ; None                        ; None                      ; 7.752 ns                ;
; N/A                                     ; 118.30 MHz ( period = 8.453 ns )                    ; timer:inst|SEC1[2]  ; timer:inst|HOUR1[0] ; clk        ; clk      ; None                        ; None                      ; 7.744 ns                ;
; N/A                                     ; 118.30 MHz ( period = 8.453 ns )                    ; timer:inst|SEC1[2]  ; timer:inst|HOUR1[1] ; clk        ; clk      ; None                        ; None                      ; 7.744 ns                ;
; N/A                                     ; 118.30 MHz ( period = 8.453 ns )                    ; timer:inst|SEC1[2]  ; timer:inst|HOUR1[2] ; clk        ; clk      ; None                        ; None                      ; 7.744 ns                ;
; N/A                                     ; 118.30 MHz ( period = 8.453 ns )                    ; timer:inst|SEC1[2]  ; timer:inst|HOUR0[0] ; clk        ; clk      ; None                        ; None                      ; 7.744 ns                ;
; N/A                                     ; 119.08 MHz ( period = 8.398 ns )                    ; timer:inst|MIN0[2]  ; timer:inst|MIN1[0]  ; clk        ; clk      ; None                        ; None                      ; 7.689 ns                ;
; N/A                                     ; 119.08 MHz ( period = 8.398 ns )                    ; timer:inst|MIN0[2]  ; timer:inst|MIN1[2]  ; clk        ; clk      ; None                        ; None                      ; 7.689 ns                ;
; N/A                                     ; 119.08 MHz ( period = 8.398 ns )                    ; timer:inst|MIN0[2]  ; timer:inst|MIN1[1]  ; clk        ; clk      ; None                        ; None                      ; 7.689 ns                ;
; N/A                                     ; 119.08 MHz ( period = 8.398 ns )                    ; timer:inst|MIN1[2]  ; timer:inst|HOUR1[0] ; clk        ; clk      ; None                        ; None                      ; 7.689 ns                ;
; N/A                                     ; 119.08 MHz ( period = 8.398 ns )                    ; timer:inst|MIN1[2]  ; timer:inst|HOUR1[1] ; clk        ; clk      ; None                        ; None                      ; 7.689 ns                ;
; N/A                                     ; 119.08 MHz ( period = 8.398 ns )                    ; timer:inst|MIN1[2]  ; timer:inst|HOUR1[2] ; clk        ; clk      ; None                        ; None                      ; 7.689 ns                ;
; N/A                                     ; 119.08 MHz ( period = 8.398 ns )                    ; timer:inst|MIN1[2]  ; timer:inst|HOUR0[0] ; clk        ; clk      ; None                        ; None                      ; 7.689 ns                ;
; N/A                                     ; 119.75 MHz ( period = 8.351 ns )                    ; timer:inst|MIN1[0]  ; timer:inst|HOUR0[3] ; clk        ; clk      ; None                        ; None                      ; 7.642 ns                ;
; N/A                                     ; 119.75 MHz ( period = 8.351 ns )                    ; timer:inst|MIN1[0]  ; timer:inst|HOUR0[2] ; clk        ; clk      ; None                        ; None                      ; 7.642 ns                ;
; N/A                                     ; 119.75 MHz ( period = 8.351 ns )                    ; timer:inst|MIN1[0]  ; timer:inst|HOUR0[1] ; clk        ; clk      ; None                        ; None                      ; 7.642 ns                ;
; N/A                                     ; 119.75 MHz ( period = 8.351 ns )                    ; timer:inst|MIN1[0]  ; timer:inst|HOUR1[3] ; clk        ; clk      ; None                        ; None                      ; 7.642 ns                ;
; N/A                                     ; 119.77 MHz ( period = 8.349 ns )                    ; timer:inst|MIN1[1]  ; timer:inst|HOUR0[3] ; clk        ; clk      ; None                        ; None                      ; 7.640 ns                ;
; N/A                                     ; 119.77 MHz ( period = 8.349 ns )                    ; timer:inst|MIN1[1]  ; timer:inst|HOUR0[2] ; clk        ; clk      ; None                        ; None                      ; 7.640 ns                ;
; N/A                                     ; 119.77 MHz ( period = 8.349 ns )                    ; timer:inst|MIN1[1]  ; timer:inst|HOUR0[1] ; clk        ; clk      ; None                        ; None                      ; 7.640 ns                ;
; N/A                                     ; 119.77 MHz ( period = 8.349 ns )                    ; timer:inst|MIN1[1]  ; timer:inst|HOUR1[3] ; clk        ; clk      ; None                        ; None                      ; 7.640 ns                ;
; N/A                                     ; 120.35 MHz ( period = 8.309 ns )                    ; timer:inst|SEC0[0]  ; timer:inst|HOUR0[3] ; clk        ; clk      ; None                        ; None                      ; 7.600 ns                ;
; N/A                                     ; 120.35 MHz ( period = 8.309 ns )                    ; timer:inst|SEC0[0]  ; timer:inst|HOUR0[2] ; clk        ; clk      ; None                        ; None                      ; 7.600 ns                ;
; N/A                                     ; 120.35 MHz ( period = 8.309 ns )                    ; timer:inst|SEC0[3]  ; timer:inst|HOUR1[0] ; clk        ; clk      ; None                        ; None                      ; 7.600 ns                ;
; N/A                                     ; 120.35 MHz ( period = 8.309 ns )                    ; timer:inst|SEC0[3]  ; timer:inst|HOUR1[1] ; clk        ; clk      ; None                        ; None                      ; 7.600 ns                ;
; N/A                                     ; 120.35 MHz ( period = 8.309 ns )                    ; timer:inst|SEC0[3]  ; timer:inst|HOUR1[2] ; clk        ; clk      ; None                        ; None                      ; 7.600 ns                ;
; N/A                                     ; 120.35 MHz ( period = 8.309 ns )                    ; timer:inst|SEC0[3]  ; timer:inst|HOUR0[0] ; clk        ; clk      ; None                        ; None                      ; 7.600 ns                ;
; N/A                                     ; 120.35 MHz ( period = 8.309 ns )                    ; timer:inst|SEC0[0]  ; timer:inst|HOUR0[1] ; clk        ; clk      ; None                        ; None                      ; 7.600 ns                ;
; N/A                                     ; 120.35 MHz ( period = 8.309 ns )                    ; timer:inst|SEC0[0]  ; timer:inst|HOUR1[3] ; clk        ; clk      ; None                        ; None                      ; 7.600 ns                ;
; N/A                                     ; 121.05 MHz ( period = 8.261 ns )                    ; timer:inst|SEC1[1]  ; timer:inst|HOUR1[0] ; clk        ; clk      ; None                        ; None                      ; 7.552 ns                ;
; N/A                                     ; 121.05 MHz ( period = 8.261 ns )                    ; timer:inst|SEC1[1]  ; timer:inst|HOUR1[1] ; clk        ; clk      ; None                        ; None                      ; 7.552 ns                ;
; N/A                                     ; 121.05 MHz ( period = 8.261 ns )                    ; timer:inst|SEC1[1]  ; timer:inst|HOUR1[2] ; clk        ; clk      ; None                        ; None                      ; 7.552 ns                ;
; N/A                                     ; 121.05 MHz ( period = 8.261 ns )                    ; timer:inst|SEC1[1]  ; timer:inst|HOUR0[0] ; clk        ; clk      ; None                        ; None                      ; 7.552 ns                ;
; N/A                                     ; 121.09 MHz ( period = 8.258 ns )                    ; timer:inst|SEC0[2]  ; timer:inst|HOUR1[0] ; clk        ; clk      ; None                        ; None                      ; 7.549 ns                ;
; N/A                                     ; 121.09 MHz ( period = 8.258 ns )                    ; timer:inst|SEC0[2]  ; timer:inst|HOUR1[1] ; clk        ; clk      ; None                        ; None                      ; 7.549 ns                ;
; N/A                                     ; 121.09 MHz ( period = 8.258 ns )                    ; timer:inst|SEC0[2]  ; timer:inst|HOUR1[2] ; clk        ; clk      ; None                        ; None                      ; 7.549 ns                ;
; N/A                                     ; 121.09 MHz ( period = 8.258 ns )                    ; timer:inst|SEC0[2]  ; timer:inst|HOUR0[0] ; clk        ; clk      ; None                        ; None                      ; 7.549 ns                ;
; N/A                                     ; 121.23 MHz ( period = 8.249 ns )                    ; timer:inst|MIN0[0]  ; timer:inst|MIN1[0]  ; clk        ; clk      ; None                        ; None                      ; 7.540 ns                ;
; N/A                                     ; 121.23 MHz ( period = 8.249 ns )                    ; timer:inst|MIN0[0]  ; timer:inst|MIN1[2]  ; clk        ; clk      ; None                        ; None                      ; 7.540 ns                ;
; N/A                                     ; 121.23 MHz ( period = 8.249 ns )                    ; timer:inst|MIN0[0]  ; timer:inst|MIN1[1]  ; clk        ; clk      ; None                        ; None                      ; 7.540 ns                ;
; N/A                                     ; 121.61 MHz ( period = 8.223 ns )                    ; timer:inst|SEC1[0]  ; timer:inst|HOUR0[3] ; clk        ; clk      ; None                        ; None                      ; 7.514 ns                ;
; N/A                                     ; 121.61 MHz ( period = 8.223 ns )                    ; timer:inst|SEC1[0]  ; timer:inst|HOUR0[2] ; clk        ; clk      ; None                        ; None                      ; 7.514 ns                ;
; N/A                                     ; 121.61 MHz ( period = 8.223 ns )                    ; timer:inst|SEC1[0]  ; timer:inst|HOUR0[1] ; clk        ; clk      ; None                        ; None                      ; 7.514 ns                ;
; N/A                                     ; 121.61 MHz ( period = 8.223 ns )                    ; timer:inst|SEC1[0]  ; timer:inst|HOUR1[3] ; clk        ; clk      ; None                        ; None                      ; 7.514 ns                ;
; N/A                                     ; 123.17 MHz ( period = 8.119 ns )                    ; timer:inst|SEC0[3]  ; timer:inst|MIN1[0]  ; clk        ; clk      ; None                        ; None                      ; 7.410 ns                ;
; N/A                                     ; 123.17 MHz ( period = 8.119 ns )                    ; timer:inst|SEC0[3]  ; timer:inst|MIN1[2]  ; clk        ; clk      ; None                        ; None                      ; 7.410 ns                ;
; N/A                                     ; 123.17 MHz ( period = 8.119 ns )                    ; timer:inst|SEC0[3]  ; timer:inst|MIN1[1]  ; clk        ; clk      ; None                        ; None                      ; 7.410 ns                ;
; N/A                                     ; 123.24 MHz ( period = 8.114 ns )                    ; timer:inst|MIN0[1]  ; timer:inst|MIN1[0]  ; clk        ; clk      ; None                        ; None                      ; 7.405 ns                ;
; N/A                                     ; 123.24 MHz ( period = 8.114 ns )                    ; timer:inst|MIN0[1]  ; timer:inst|MIN1[2]  ; clk        ; clk      ; None                        ; None                      ; 7.405 ns                ;
; N/A                                     ; 123.24 MHz ( period = 8.114 ns )                    ; timer:inst|MIN0[1]  ; timer:inst|MIN1[1]  ; clk        ; clk      ; None                        ; None                      ; 7.405 ns                ;
; N/A                                     ; 123.32 MHz ( period = 8.109 ns )                    ; timer:inst|SEC1[0]  ; timer:inst|MIN1[0]  ; clk        ; clk      ; None                        ; None                      ; 7.400 ns                ;
; N/A                                     ; 123.32 MHz ( period = 8.109 ns )                    ; timer:inst|SEC1[0]  ; timer:inst|MIN1[2]  ; clk        ; clk      ; None                        ; None                      ; 7.400 ns                ;
; N/A                                     ; 123.32 MHz ( period = 8.109 ns )                    ; timer:inst|SEC1[0]  ; timer:inst|MIN1[1]  ; clk        ; clk      ; None                        ; None                      ; 7.400 ns                ;
; N/A                                     ; 123.81 MHz ( period = 8.077 ns )                    ; timer:inst|SEC1[2]  ; timer:inst|HOUR0[3] ; clk        ; clk      ; None                        ; None                      ; 7.368 ns                ;
; N/A                                     ; 123.81 MHz ( period = 8.077 ns )                    ; timer:inst|SEC1[2]  ; timer:inst|HOUR0[2] ; clk        ; clk      ; None                        ; None                      ; 7.368 ns                ;
; N/A                                     ; 123.81 MHz ( period = 8.077 ns )                    ; timer:inst|SEC1[2]  ; timer:inst|HOUR0[1] ; clk        ; clk      ; None                        ; None                      ; 7.368 ns                ;
; N/A                                     ; 123.81 MHz ( period = 8.077 ns )                    ; timer:inst|SEC1[2]  ; timer:inst|HOUR1[3] ; clk        ; clk      ; None                        ; None                      ; 7.368 ns                ;
; N/A                                     ; 123.95 MHz ( period = 8.068 ns )                    ; timer:inst|SEC0[2]  ; timer:inst|MIN1[0]  ; clk        ; clk      ; None                        ; None                      ; 7.359 ns                ;
; N/A                                     ; 123.95 MHz ( period = 8.068 ns )                    ; timer:inst|SEC0[2]  ; timer:inst|MIN1[2]  ; clk        ; clk      ; None                        ; None                      ; 7.359 ns                ;
; N/A                                     ; 123.95 MHz ( period = 8.068 ns )                    ; timer:inst|SEC0[2]  ; timer:inst|MIN1[1]  ; clk        ; clk      ; None                        ; None                      ; 7.359 ns                ;
; N/A                                     ; 124.66 MHz ( period = 8.022 ns )                    ; timer:inst|MIN1[2]  ; timer:inst|HOUR0[3] ; clk        ; clk      ; None                        ; None                      ; 7.313 ns                ;
; N/A                                     ; 124.66 MHz ( period = 8.022 ns )                    ; timer:inst|MIN1[2]  ; timer:inst|HOUR0[2] ; clk        ; clk      ; None                        ; None                      ; 7.313 ns                ;
; N/A                                     ; 124.66 MHz ( period = 8.022 ns )                    ; timer:inst|MIN1[2]  ; timer:inst|HOUR0[1] ; clk        ; clk      ; None                        ; None                      ; 7.313 ns                ;
; N/A                                     ; 124.66 MHz ( period = 8.022 ns )                    ; timer:inst|MIN1[2]  ; timer:inst|HOUR1[3] ; clk        ; clk      ; None                        ; None                      ; 7.313 ns                ;
; N/A                                     ; 125.55 MHz ( period = 7.965 ns )                    ; timer:inst|MIN1[3]  ; timer:inst|HOUR1[0] ; clk        ; clk      ; None                        ; None                      ; 7.256 ns                ;
; N/A                                     ; 125.55 MHz ( period = 7.965 ns )                    ; timer:inst|MIN1[3]  ; timer:inst|HOUR1[1] ; clk        ; clk      ; None                        ; None                      ; 7.256 ns                ;
; N/A                                     ; 125.55 MHz ( period = 7.965 ns )                    ; timer:inst|MIN1[3]  ; timer:inst|HOUR1[2] ; clk        ; clk      ; None                        ; None                      ; 7.256 ns                ;
; N/A                                     ; 125.55 MHz ( period = 7.965 ns )                    ; timer:inst|MIN1[3]  ; timer:inst|HOUR0[0] ; clk        ; clk      ; None                        ; None                      ; 7.256 ns                ;
; N/A                                     ; 125.58 MHz ( period = 7.963 ns )                    ; timer:inst|SEC1[2]  ; timer:inst|MIN1[0]  ; clk        ; clk      ; None                        ; None                      ; 7.254 ns                ;
; N/A                                     ; 125.58 MHz ( period = 7.963 ns )                    ; timer:inst|SEC1[2]  ; timer:inst|MIN1[2]  ; clk        ; clk      ; None                        ; None                      ; 7.254 ns                ;
; N/A                                     ; 125.58 MHz ( period = 7.963 ns )                    ; timer:inst|SEC1[2]  ; timer:inst|MIN1[1]  ; clk        ; clk      ; None                        ; None                      ; 7.254 ns                ;
; N/A                                     ; 125.99 MHz ( period = 7.937 ns )                    ; timer:inst|SEC1[3]  ; timer:inst|HOUR1[0] ; clk        ; clk      ; None                        ; None                      ; 7.228 ns                ;
; N/A                                     ; 125.99 MHz ( period = 7.937 ns )                    ; timer:inst|SEC1[3]  ; timer:inst|HOUR1[1] ; clk        ; clk      ; None                        ; None                      ; 7.228 ns                ;
; N/A                                     ; 125.99 MHz ( period = 7.937 ns )                    ; timer:inst|SEC1[3]  ; timer:inst|HOUR1[2] ; clk        ; clk      ; None                        ; None                      ; 7.228 ns                ;
; N/A                                     ; 125.99 MHz ( period = 7.937 ns )                    ; timer:inst|SEC1[3]  ; timer:inst|HOUR0[0] ; clk        ; clk      ; None                        ; None                      ; 7.228 ns                ;
; N/A                                     ; 126.06 MHz ( period = 7.933 ns )                    ; timer:inst|SEC0[3]  ; timer:inst|HOUR0[3] ; clk        ; clk      ; None                        ; None                      ; 7.224 ns                ;
; N/A                                     ; 126.06 MHz ( period = 7.933 ns )                    ; timer:inst|SEC0[3]  ; timer:inst|HOUR0[2] ; clk        ; clk      ; None                        ; None                      ; 7.224 ns                ;
; N/A                                     ; 126.06 MHz ( period = 7.933 ns )                    ; timer:inst|SEC0[3]  ; timer:inst|HOUR0[1] ; clk        ; clk      ; None                        ; None                      ; 7.224 ns                ;
; N/A                                     ; 126.06 MHz ( period = 7.933 ns )                    ; timer:inst|SEC0[3]  ; timer:inst|HOUR1[3] ; clk        ; clk      ; None                        ; None                      ; 7.224 ns                ;
; N/A                                     ; 126.82 MHz ( period = 7.885 ns )                    ; timer:inst|SEC1[1]  ; timer:inst|HOUR0[3] ; clk        ; clk      ; None                        ; None                      ; 7.176 ns                ;
; N/A                                     ; 126.82 MHz ( period = 7.885 ns )                    ; timer:inst|SEC1[1]  ; timer:inst|HOUR0[2] ; clk        ; clk      ; None                        ; None                      ; 7.176 ns                ;
; N/A                                     ; 126.82 MHz ( period = 7.885 ns )                    ; timer:inst|SEC1[1]  ; timer:inst|HOUR0[1] ; clk        ; clk      ; None                        ; None                      ; 7.176 ns                ;
; N/A                                     ; 126.82 MHz ( period = 7.885 ns )                    ; timer:inst|SEC1[1]  ; timer:inst|HOUR1[3] ; clk        ; clk      ; None                        ; None                      ; 7.176 ns                ;
; N/A                                     ; 126.87 MHz ( period = 7.882 ns )                    ; timer:inst|SEC0[2]  ; timer:inst|HOUR0[3] ; clk        ; clk      ; None                        ; None                      ; 7.173 ns                ;
; N/A                                     ; 126.87 MHz ( period = 7.882 ns )                    ; timer:inst|SEC0[2]  ; timer:inst|HOUR0[2] ; clk        ; clk      ; None                        ; None                      ; 7.173 ns                ;
; N/A                                     ; 126.87 MHz ( period = 7.882 ns )                    ; timer:inst|SEC0[2]  ; timer:inst|HOUR0[1] ; clk        ; clk      ; None                        ; None                      ; 7.173 ns                ;
; N/A                                     ; 126.87 MHz ( period = 7.882 ns )                    ; timer:inst|SEC0[2]  ; timer:inst|HOUR1[3] ; clk        ; clk      ; None                        ; None                      ; 7.173 ns                ;
; N/A                                     ; 127.49 MHz ( period = 7.844 ns )                    ; timer:inst|MIN0[3]  ; timer:inst|MIN1[0]  ; clk        ; clk      ; None                        ; None                      ; 7.135 ns                ;
; N/A                                     ; 127.49 MHz ( period = 7.844 ns )                    ; timer:inst|MIN0[3]  ; timer:inst|MIN1[2]  ; clk        ; clk      ; None                        ; None                      ; 7.135 ns                ;
; N/A                                     ; 127.49 MHz ( period = 7.844 ns )                    ; timer:inst|MIN0[3]  ; timer:inst|MIN1[1]  ; clk        ; clk      ; None                        ; None                      ; 7.135 ns                ;
; N/A                                     ; 127.94 MHz ( period = 7.816 ns )                    ; timer:inst|SEC0[1]  ; timer:inst|SEC1[0]  ; clk        ; clk      ; None                        ; None                      ; 7.107 ns                ;
; N/A                                     ; 127.94 MHz ( period = 7.816 ns )                    ; timer:inst|SEC0[1]  ; timer:inst|SEC1[2]  ; clk        ; clk      ; None                        ; None                      ; 7.107 ns                ;
; N/A                                     ; 127.94 MHz ( period = 7.816 ns )                    ; timer:inst|SEC0[1]  ; timer:inst|SEC1[1]  ; clk        ; clk      ; None                        ; None                      ; 7.107 ns                ;
; N/A                                     ; 128.68 MHz ( period = 7.771 ns )                    ; timer:inst|SEC1[1]  ; timer:inst|MIN1[0]  ; clk        ; clk      ; None                        ; None                      ; 7.062 ns                ;
; N/A                                     ; 128.68 MHz ( period = 7.771 ns )                    ; timer:inst|SEC1[1]  ; timer:inst|MIN1[2]  ; clk        ; clk      ; None                        ; None                      ; 7.062 ns                ;
; N/A                                     ; 128.68 MHz ( period = 7.771 ns )                    ; timer:inst|SEC1[1]  ; timer:inst|MIN1[1]  ; clk        ; clk      ; None                        ; None                      ; 7.062 ns                ;
; N/A                                     ; 130.38 MHz ( period = 7.670 ns )                    ; timer:inst|HOUR1[1] ; timer:inst|HOUR1[1] ; clk        ; clk      ; None                        ; None                      ; 6.961 ns                ;
; N/A                                     ; 130.48 MHz ( period = 7.664 ns )                    ; timer:inst|SEC0[0]  ; timer:inst|SEC1[0]  ; clk        ; clk      ; None                        ; None                      ; 6.955 ns                ;
; N/A                                     ; 130.48 MHz ( period = 7.664 ns )                    ; timer:inst|SEC0[0]  ; timer:inst|SEC1[2]  ; clk        ; clk      ; None                        ; None                      ; 6.955 ns                ;
; N/A                                     ; 130.48 MHz ( period = 7.664 ns )                    ; timer:inst|SEC0[0]  ; timer:inst|SEC1[1]  ; clk        ; clk      ; None                        ; None                      ; 6.955 ns                ;
; N/A                                     ; 131.77 MHz ( period = 7.589 ns )                    ; timer:inst|MIN1[3]  ; timer:inst|HOUR0[3] ; clk        ; clk      ; None                        ; None                      ; 6.880 ns                ;
; N/A                                     ; 131.77 MHz ( period = 7.589 ns )                    ; timer:inst|MIN1[3]  ; timer:inst|HOUR0[2] ; clk        ; clk      ; None                        ; None                      ; 6.880 ns                ;
; N/A                                     ; 131.77 MHz ( period = 7.589 ns )                    ; timer:inst|MIN1[3]  ; timer:inst|HOUR0[1] ; clk        ; clk      ; None                        ; None                      ; 6.880 ns                ;
; N/A                                     ; 131.77 MHz ( period = 7.589 ns )                    ; timer:inst|MIN1[3]  ; timer:inst|HOUR1[3] ; clk        ; clk      ; None                        ; None                      ; 6.880 ns                ;
; N/A                                     ; 132.26 MHz ( period = 7.561 ns )                    ; timer:inst|SEC1[3]  ; timer:inst|HOUR0[3] ; clk        ; clk      ; None                        ; None                      ; 6.852 ns                ;
; N/A                                     ; 132.26 MHz ( period = 7.561 ns )                    ; timer:inst|SEC1[3]  ; timer:inst|HOUR0[2] ; clk        ; clk      ; None                        ; None                      ; 6.852 ns                ;
; N/A                                     ; 132.26 MHz ( period = 7.561 ns )                    ; timer:inst|SEC1[3]  ; timer:inst|HOUR0[1] ; clk        ; clk      ; None                        ; None                      ; 6.852 ns                ;
; N/A                                     ; 132.26 MHz ( period = 7.561 ns )                    ; timer:inst|SEC1[3]  ; timer:inst|HOUR1[3] ; clk        ; clk      ; None                        ; None                      ; 6.852 ns                ;
; N/A                                     ; 134.28 MHz ( period = 7.447 ns )                    ; timer:inst|SEC1[3]  ; timer:inst|MIN1[0]  ; clk        ; clk      ; None                        ; None                      ; 6.738 ns                ;
; N/A                                     ; 134.28 MHz ( period = 7.447 ns )                    ; timer:inst|SEC1[3]  ; timer:inst|MIN1[2]  ; clk        ; clk      ; None                        ; None                      ; 6.738 ns                ;
; N/A                                     ; 134.28 MHz ( period = 7.447 ns )                    ; timer:inst|SEC1[3]  ; timer:inst|MIN1[1]  ; clk        ; clk      ; None                        ; None                      ; 6.738 ns                ;
; N/A                                     ; 136.95 MHz ( period = 7.302 ns )                    ; timer:inst|SEC0[1]  ; timer:inst|MIN1[3]  ; clk        ; clk      ; None                        ; None                      ; 6.593 ns                ;
; N/A                                     ; 137.21 MHz ( period = 7.288 ns )                    ; timer:inst|SEC0[3]  ; timer:inst|SEC1[0]  ; clk        ; clk      ; None                        ; None                      ; 6.579 ns                ;
; N/A                                     ; 137.21 MHz ( period = 7.288 ns )                    ; timer:inst|SEC0[3]  ; timer:inst|SEC1[2]  ; clk        ; clk      ; None                        ; None                      ; 6.579 ns                ;
; N/A                                     ; 137.21 MHz ( period = 7.288 ns )                    ; timer:inst|SEC0[3]  ; timer:inst|SEC1[1]  ; clk        ; clk      ; None                        ; None                      ; 6.579 ns                ;
; N/A                                     ; 138.18 MHz ( period = 7.237 ns )                    ; timer:inst|SEC0[2]  ; timer:inst|SEC1[0]  ; clk        ; clk      ; None                        ; None                      ; 6.528 ns                ;
; N/A                                     ; 138.18 MHz ( period = 7.237 ns )                    ; timer:inst|SEC0[2]  ; timer:inst|SEC1[2]  ; clk        ; clk      ; None                        ; None                      ; 6.528 ns                ;
; N/A                                     ; 138.18 MHz ( period = 7.237 ns )                    ; timer:inst|SEC0[2]  ; timer:inst|SEC1[1]  ; clk        ; clk      ; None                        ; None                      ; 6.528 ns                ;
; N/A                                     ; 138.72 MHz ( period = 7.209 ns )                    ; timer:inst|SEC1[0]  ; timer:inst|MIN0[0]  ; clk        ; clk      ; None                        ; None                      ; 6.500 ns                ;
; N/A                                     ; 138.72 MHz ( period = 7.209 ns )                    ; timer:inst|SEC1[0]  ; timer:inst|MIN0[3]  ; clk        ; clk      ; None                        ; None                      ; 6.500 ns                ;
; N/A                                     ; 138.72 MHz ( period = 7.209 ns )                    ; timer:inst|SEC1[0]  ; timer:inst|MIN0[1]  ; clk        ; clk      ; None                        ; None                      ; 6.500 ns                ;
; N/A                                     ; 138.77 MHz ( period = 7.206 ns )                    ; timer:inst|SEC0[1]  ; timer:inst|SEC1[3]  ; clk        ; clk      ; None                        ; None                      ; 6.497 ns                ;
; N/A                                     ; 139.33 MHz ( period = 7.177 ns )                    ; timer:inst|SEC1[0]  ; timer:inst|MIN0[2]  ; clk        ; clk      ; None                        ; None                      ; 6.468 ns                ;
; N/A                                     ; 139.86 MHz ( period = 7.150 ns )                    ; timer:inst|SEC0[0]  ; timer:inst|MIN1[3]  ; clk        ; clk      ; None                        ; None                      ; 6.441 ns                ;
; N/A                                     ; 141.40 MHz ( period = 7.072 ns )                    ; timer:inst|HOUR1[2] ; timer:inst|HOUR1[1] ; clk        ; clk      ; None                        ; None                      ; 6.363 ns                ;
; N/A                                     ; 141.58 MHz ( period = 7.063 ns )                    ; timer:inst|SEC1[2]  ; timer:inst|MIN0[0]  ; clk        ; clk      ; None                        ; None                      ; 6.354 ns                ;
; N/A                                     ; 141.58 MHz ( period = 7.063 ns )                    ; timer:inst|SEC1[2]  ; timer:inst|MIN0[3]  ; clk        ; clk      ; None                        ; None                      ; 6.354 ns                ;
; N/A                                     ; 141.58 MHz ( period = 7.063 ns )                    ; timer:inst|SEC1[2]  ; timer:inst|MIN0[1]  ; clk        ; clk      ; None                        ; None                      ; 6.354 ns                ;
; N/A                                     ; 141.62 MHz ( period = 7.061 ns )                    ; timer:inst|HOUR0[0] ; timer:inst|HOUR1[1] ; clk        ; clk      ; None                        ; None                      ; 6.352 ns                ;
; N/A                                     ; 141.76 MHz ( period = 7.054 ns )                    ; timer:inst|SEC0[0]  ; timer:inst|SEC1[3]  ; clk        ; clk      ; None                        ; None                      ; 6.345 ns                ;
; N/A                                     ; 141.78 MHz ( period = 7.053 ns )                    ; timer:inst|MIN0[2]  ; timer:inst|MIN1[3]  ; clk        ; clk      ; None                        ; None                      ; 6.344 ns                ;
; N/A                                     ; 142.23 MHz ( period = 7.031 ns )                    ; timer:inst|SEC1[2]  ; timer:inst|MIN0[2]  ; clk        ; clk      ; None                        ; None                      ; 6.322 ns                ;
; N/A                                     ; 143.72 MHz ( period = 6.958 ns )                    ; timer:inst|SEC0[1]  ; timer:inst|MIN0[0]  ; clk        ; clk      ; None                        ; None                      ; 6.249 ns                ;
; N/A                                     ; 143.72 MHz ( period = 6.958 ns )                    ; timer:inst|SEC0[1]  ; timer:inst|MIN0[3]  ; clk        ; clk      ; None                        ; None                      ; 6.249 ns                ;
; N/A                                     ; 143.72 MHz ( period = 6.958 ns )                    ; timer:inst|SEC0[1]  ; timer:inst|MIN0[1]  ; clk        ; clk      ; None                        ; None                      ; 6.249 ns                ;
; N/A                                     ; 144.38 MHz ( period = 6.926 ns )                    ; timer:inst|SEC0[1]  ; timer:inst|MIN0[2]  ; clk        ; clk      ; None                        ; None                      ; 6.217 ns                ;
; N/A                                     ; 144.84 MHz ( period = 6.904 ns )                    ; timer:inst|MIN0[0]  ; timer:inst|MIN1[3]  ; clk        ; clk      ; None                        ; None                      ; 6.195 ns                ;
; N/A                                     ; 145.54 MHz ( period = 6.871 ns )                    ; timer:inst|SEC1[1]  ; timer:inst|MIN0[0]  ; clk        ; clk      ; None                        ; None                      ; 6.162 ns                ;
; N/A                                     ; 145.54 MHz ( period = 6.871 ns )                    ; timer:inst|SEC1[1]  ; timer:inst|MIN0[3]  ; clk        ; clk      ; None                        ; None                      ; 6.162 ns                ;
; N/A                                     ; 145.54 MHz ( period = 6.871 ns )                    ; timer:inst|SEC1[1]  ; timer:inst|MIN0[1]  ; clk        ; clk      ; None                        ; None                      ; 6.162 ns                ;
; Timing analysis restricted to 200 rows. ; To change the limit use Settings (Assignments menu) ;                     ;                     ;            ;          ;                             ;                           ;                         ;
+-----------------------------------------+-----------------------------------------------------+---------------------+---------------------+------------+----------+-----------------------------+---------------------------+-------------------------+


+-------------------------------------------------------------------------------+
; tsu                                                                           ;
+-------+--------------+------------+----------+---------------------+----------+
; Slack ; Required tsu ; Actual tsu ; From     ; To                  ; To Clock ;
+-------+--------------+------------+----------+---------------------+----------+
; N/A   ; None         ; 4.686 ns   ; set_min  ; timer:inst|MIN1[0]  ; clk      ;
; N/A   ; None         ; 4.686 ns   ; set_min  ; timer:inst|MIN1[2]  ; clk      ;
; N/A   ; None         ; 4.686 ns   ; set_min  ; timer:inst|MIN1[1]  ; clk      ;
; N/A   ; None         ; 3.682 ns   ; set_min  ; timer:inst|MIN0[0]  ; clk      ;
; N/A   ; None         ; 3.682 ns   ; set_min  ; timer:inst|MIN0[3]  ; clk      ;
; N/A   ; None         ; 3.682 ns   ; set_min  ; timer:inst|MIN0[1]  ; clk      ;
; N/A   ; None         ; 3.650 ns   ; set_min  ; timer:inst|MIN0[2]  ; clk      ;
; N/A   ; None         ; 3.416 ns   ; set_hour ; timer:inst|HOUR1[0] ; clk      ;
; N/A   ; None         ; 3.416 ns   ; set_hour ; timer:inst|HOUR1[1] ; clk      ;
; N/A   ; None         ; 3.416 ns   ; set_hour ; timer:inst|HOUR1[2] ; clk      ;
; N/A   ; None         ; 3.416 ns   ; set_hour ; timer:inst|HOUR0[0] ; clk      ;
; N/A   ; None         ; 3.341 ns   ; set_min  ; timer:inst|MIN1[3]  ; clk      ;
; N/A   ; None         ; 3.040 ns   ; set_hour ; timer:inst|HOUR0[3] ; clk      ;
; N/A   ; None         ; 3.040 ns   ; set_hour ; timer:inst|HOUR0[2] ; clk      ;
; N/A   ; None         ; 3.040 ns   ; set_hour ; timer:inst|HOUR0[1] ; clk      ;
; N/A   ; None         ; 3.040 ns   ; set_hour ; timer:inst|HOUR1[3] ; clk      ;
+-------+--------------+------------+----------+---------------------+----------+


+---------------------------------------------------------------------------------+
; tco                                                                             ;
+-------+--------------+------------+---------------------+----------+------------+
; Slack ; Required tco ; Actual tco ; From                ; To       ; From Clock ;
+-------+--------------+------------+---------------------+----------+------------+
; N/A   ; None         ; 15.182 ns  ; timer:inst|SEC0[3]  ; ALARM    ; clk        ;
; N/A   ; None         ; 14.985 ns  ; timer:inst|SEC0[1]  ; ALARM    ; clk        ;
; N/A   ; None         ; 14.665 ns  ; timer:inst|MIN0[2]  ; ALARM    ; clk        ;
; N/A   ; None         ; 14.516 ns  ; timer:inst|MIN0[0]  ; ALARM    ; clk        ;
; N/A   ; None         ; 14.381 ns  ; timer:inst|MIN0[1]  ; ALARM    ; clk        ;
; N/A   ; None         ; 14.136 ns  ; timer:inst|SEC0[0]  ; ALARM    ; clk        ;
; N/A   ; None         ; 14.111 ns  ; timer:inst|MIN0[3]  ; ALARM    ; clk        ;
; N/A   ; None         ; 13.968 ns  ; timer:inst|MIN1[0]  ; ALARM    ; clk        ;
; N/A   ; None         ; 13.966 ns  ; timer:inst|MIN1[1]  ; ALARM    ; clk        ;
; N/A   ; None         ; 13.840 ns  ; timer:inst|SEC1[0]  ; ALARM    ; clk        ;
; N/A   ; None         ; 13.791 ns  ; timer:inst|SEC0[2]  ; ALARM    ; clk        ;
; N/A   ; None         ; 13.694 ns  ; timer:inst|SEC1[2]  ; ALARM    ; clk        ;
; N/A   ; None         ; 13.639 ns  ; timer:inst|MIN1[2]  ; ALARM    ; clk        ;
; N/A   ; None         ; 13.502 ns  ; timer:inst|SEC1[1]  ; ALARM    ; clk        ;
; N/A   ; None         ; 13.206 ns  ; timer:inst|MIN1[3]  ; ALARM    ; clk        ;
; N/A   ; None         ; 13.178 ns  ; timer:inst|SEC1[3]  ; ALARM    ; clk        ;
; N/A   ; None         ; 10.117 ns  ; timer:inst|MIN0[3]  ; MIN0[3]  ; clk        ;
; N/A   ; None         ; 9.599 ns   ; timer:inst|MIN0[1]  ; MIN0[1]  ; clk        ;
; N/A   ; None         ; 9.596 ns   ; timer:inst|MIN0[0]  ; MIN0[0]  ; clk        ;
; N/A   ; None         ; 9.537 ns   ; timer:inst|MIN0[2]  ; MIN0[2]  ; clk        ;
; N/A   ; None         ; 9.290 ns   ; timer:inst|SEC0[0]  ; SEC0[0]  ; clk        ;
; N/A   ; None         ; 9.258 ns   ; timer:inst|SEC0[2]  ; SEC0[2]  ; clk        ;
; N/A   ; None         ; 9.175 ns   ; timer:inst|SEC0[1]  ; SEC0[1]  ; clk        ;
; N/A   ; None         ; 9.090 ns   ; timer:inst|SEC1[3]  ; SEC1[3]  ; clk        ;
; N/A   ; None         ; 8.987 ns   ; timer:inst|MIN1[1]  ; MIN1[1]  ; clk        ;
; N/A   ; None         ; 8.979 ns   ; timer:inst|SEC0[3]  ; SEC0[3]  ; clk        ;
; N/A   ; None         ; 8.568 ns   ; timer:inst|MIN1[3]  ; MIN1[3]  ; clk        ;
; N/A   ; None         ; 8.526 ns   ; timer:inst|HOUR0[2] ; HOUR0[2] ; clk        ;
; N/A   ; None         ; 8.504 ns   ; timer:inst|HOUR0[1] ; HOUR0[1] ; clk        ;
; N/A   ; None         ; 8.452 ns   ; timer:inst|HOUR1[0] ; HOUR1[0] ; clk        ;
; N/A   ; None         ; 8.448 ns   ; timer:inst|SEC1[2]  ; SEC1[2]  ; clk        ;
; N/A   ; None         ; 8.420 ns   ; timer:inst|SEC1[1]  ; SEC1[1]  ; clk        ;
; N/A   ; None         ; 8.399 ns   ; timer:inst|MIN1[2]  ; MIN1[2]  ; clk        ;
; N/A   ; None         ; 8.391 ns   ; timer:inst|HOUR1[3] ; HOUR1[3] ; clk        ;
; N/A   ; None         ; 8.387 ns   ; timer:inst|MIN1[0]  ; MIN1[0]  ; clk        ;
; N/A   ; None         ; 8.382 ns   ; timer:inst|SEC1[0]  ; SEC1[0]  ; clk        ;
; N/A   ; None         ; 8.380 ns   ; timer:inst|HOUR0[3] ; HOUR0[3] ; clk        ;
; N/A   ; None         ; 8.337 ns   ; timer:inst|HOUR1[2] ; HOUR1[2] ; clk        ;
; N/A   ; None         ; 8.301 ns   ; timer:inst|HOUR0[0] ; HOUR0[0] ; clk        ;
; N/A   ; None         ; 7.167 ns   ; timer:inst|HOUR1[1] ; HOUR1[1] ; clk        ;
+-------+--------------+------------+---------------------+----------+------------+


+----------------------------------------------------------------+
; tpd                                                            ;
+-------+-------------------+-----------------+----------+-------+
; Slack ; Required P2P Time ; Actual P2P Time ; From     ; To    ;
+-------+-------------------+-----------------+----------+-------+
; N/A   ; None              ; 9.686 ns        ; set_min  ; ALARM ;
; N/A   ; None              ; 9.284 ns        ; set_hour ; ALARM ;
; N/A   ; None              ; 9.166 ns        ; clk      ; ALARM ;
+-------+-------------------+-----------------+----------+-------+


+-------------------------------------------------------------------------------------+
; th                                                                                  ;
+---------------+-------------+-----------+----------+---------------------+----------+
; Minimum Slack ; Required th ; Actual th ; From     ; To                  ; To Clock ;
+---------------+-------------+-----------+----------+---------------------+----------+
; N/A           ; None        ; -2.486 ns ; set_hour ; timer:inst|HOUR0[3] ; clk      ;
; N/A           ; None        ; -2.486 ns ; set_hour ; timer:inst|HOUR0[2] ; clk      ;
; N/A           ; None        ; -2.486 ns ; set_hour ; timer:inst|HOUR0[1] ; clk      ;
; N/A           ; None        ; -2.486 ns ; set_hour ; timer:inst|HOUR1[3] ; clk      ;
; N/A           ; None        ; -2.787 ns ; set_min  ; timer:inst|MIN1[3]  ; clk      ;
; N/A           ; None        ; -2.862 ns ; set_hour ; timer:inst|HOUR1[0] ; clk      ;
; N/A           ; None        ; -2.862 ns ; set_hour ; timer:inst|HOUR1[1] ; clk      ;
; N/A           ; None        ; -2.862 ns ; set_hour ; timer:inst|HOUR1[2] ; clk      ;
; N/A           ; None        ; -2.862 ns ; set_hour ; timer:inst|HOUR0[0] ; clk      ;
; N/A           ; None        ; -3.096 ns ; set_min  ; timer:inst|MIN0[2]  ; clk      ;
; N/A           ; None        ; -3.128 ns ; set_min  ; timer:inst|MIN0[0]  ; clk      ;
; N/A           ; None        ; -3.128 ns ; set_min  ; timer:inst|MIN0[3]  ; clk      ;
; N/A           ; None        ; -3.128 ns ; set_min  ; timer:inst|MIN0[1]  ; clk      ;
; N/A           ; None        ; -4.132 ns ; set_min  ; timer:inst|MIN1[0]  ; clk      ;
; N/A           ; None        ; -4.132 ns ; set_min  ; timer:inst|MIN1[2]  ; clk      ;
; N/A           ; None        ; -4.132 ns ; set_min  ; timer:inst|MIN1[1]  ; clk      ;
+---------------+-------------+-----------+----------+---------------------+----------+


+--------------------------+
; Timing Analyzer Messages ;
+--------------------------+
Info: *******************************************************************
Info: Running Quartus II Classic Timing Analyzer
    Info: Version 9.1 Build 222 10/21/2009 SJ Full Version
    Info: Processing started: Tue May 23 17:01:49 2017
Info: Command: quartus_tan --read_settings_files=off --write_settings_files=off timer_VHDL -c timer_VHDL
Info: Parallel compilation is enabled and will use 2 of the 2 processors detected
Info: Started post-fitting delay annotation
Info: Delay annotation completed successfully
Warning: Found pins functioning as undefined clocks and/or memory enables
    Info: Assuming node "clk" is an undefined clock
Info: Clock "clk" has Internal fmax of 106.11 MHz between source register "timer:inst|MIN0[2]" and destination register "timer:inst|HOUR1[0]" (period= 9.424 ns)
    Info: + Longest register to register delay is 8.715 ns
        Info: 1: + IC(0.000 ns) + CELL(0.000 ns) = 0.000 ns; Loc. = LC_X6_Y6_N6; Fanout = 5; REG Node = 'timer:inst|MIN0[2]'
        Info: 2: + IC(1.897 ns) + CELL(0.914 ns) = 2.811 ns; Loc. = LC_X5_Y5_N5; Fanout = 2; COMB Node = 'timer:inst|Equal2~0'
        Info: 3: + IC(0.770 ns) + CELL(0.511 ns) = 4.092 ns; Loc. = LC_X5_Y5_N4; Fanout = 2; COMB Node = 'timer:inst|ALARM~2'
        Info: 4: + IC(1.783 ns) + CELL(0.511 ns) = 6.386 ns; Loc. = LC_X4_Y7_N7; Fanout = 8; COMB Node = 'timer:inst|HOUR0~1'
        Info: 5: + IC(1.086 ns) + CELL(1.243 ns) = 8.715 ns; Loc. = LC_X3_Y7_N0; Fanout = 5; REG Node = 'timer:inst|HOUR1[0]'
        Info: Total cell delay = 3.179 ns ( 36.48 % )
        Info: Total interconnect delay = 5.536 ns ( 63.52 % )
    Info: - Smallest clock skew is 0.000 ns
        Info: + Shortest clock path from clock "clk" to destination register is 3.681 ns
            Info: 1: + IC(0.000 ns) + CELL(1.163 ns) = 1.163 ns; Loc. = PIN_12; Fanout = 25; CLK Node = 'clk'
            Info: 2: + IC(1.600 ns) + CELL(0.918 ns) = 3.681 ns; Loc. = LC_X3_Y7_N0; Fanout = 5; REG Node = 'timer:inst|HOUR1[0]'
            Info: Total cell delay = 2.081 ns ( 56.53 % )
            Info: Total interconnect delay = 1.600 ns ( 43.47 % )
        Info: - Longest clock path from clock "clk" to source register is 3.681 ns
            Info: 1: + IC(0.000 ns) + CELL(1.163 ns) = 1.163 ns; Loc. = PIN_12; Fanout = 25; CLK Node = 'clk'
            Info: 2: + IC(1.600 ns) + CELL(0.918 ns) = 3.681 ns; Loc. = LC_X6_Y6_N6; Fanout = 5; REG Node = 'timer:inst|MIN0[2]'
            Info: Total cell delay = 2.081 ns ( 56.53 % )
            Info: Total interconnect delay = 1.600 ns ( 43.47 % )
    Info: + Micro clock to output delay of source is 0.376 ns
    Info: + Micro setup delay of destination is 0.333 ns
Info: tsu for register "timer:inst|MIN1[0]" (data pin = "set_min", clock pin = "clk") is 4.686 ns
    Info: + Longest pin to register delay is 8.034 ns
        Info: 1: + IC(0.000 ns) + CELL(1.132 ns) = 1.132 ns; Loc. = PIN_20; Fanout = 3; PIN Node = 'set_min'
        Info: 2: + IC(3.441 ns) + CELL(0.511 ns) = 5.084 ns; Loc. = LC_X6_Y6_N5; Fanout = 4; COMB Node = 'timer:inst|MIN1[0]~0'
        Info: 3: + IC(1.707 ns) + CELL(1.243 ns) = 8.034 ns; Loc. = LC_X6_Y4_N5; Fanout = 6; REG Node = 'timer:inst|MIN1[0]'
        Info: Total cell delay = 2.886 ns ( 35.92 % )
        Info: Total interconnect delay = 5.148 ns ( 64.08 % )
    Info: + Micro setup delay of destination is 0.333 ns
    Info: - Shortest clock path from clock "clk" to destination register is 3.681 ns
        Info: 1: + IC(0.000 ns) + CELL(1.163 ns) = 1.163 ns; Loc. = PIN_12; Fanout = 25; CLK Node = 'clk'
        Info: 2: + IC(1.600 ns) + CELL(0.918 ns) = 3.681 ns; Loc. = LC_X6_Y4_N5; Fanout = 6; REG Node = 'timer:inst|MIN1[0]'
        Info: Total cell delay = 2.081 ns ( 56.53 % )
        Info: Total interconnect delay = 1.600 ns ( 43.47 % )
Info: tco from clock "clk" to destination pin "ALARM" through register "timer:inst|SEC0[3]" is 15.182 ns
    Info: + Longest clock path from clock "clk" to source register is 3.681 ns
        Info: 1: + IC(0.000 ns) + CELL(1.163 ns) = 1.163 ns; Loc. = PIN_12; Fanout = 25; CLK Node = 'clk'
        Info: 2: + IC(1.600 ns) + CELL(0.918 ns) = 3.681 ns; Loc. = LC_X6_Y6_N0; Fanout = 5; REG Node = 'timer:inst|SEC0[3]'
        Info: Total cell delay = 2.081 ns ( 56.53 % )
        Info: Total interconnect delay = 1.600 ns ( 43.47 % )
    Info: + Micro clock to output delay of source is 0.376 ns
    Info: + Longest register to pin delay is 11.125 ns
        Info: 1: + IC(0.000 ns) + CELL(0.000 ns) = 0.000 ns; Loc. = LC_X6_Y6_N0; Fanout = 5; REG Node = 'timer:inst|SEC0[3]'
        Info: 2: + IC(2.663 ns) + CELL(0.200 ns) = 2.863 ns; Loc. = LC_X11_Y7_N6; Fanout = 1; COMB Node = 'timer:inst|ALARM~1'
        Info: 3: + IC(3.091 ns) + CELL(0.511 ns) = 6.465 ns; Loc. = LC_X5_Y5_N9; Fanout = 1; COMB Node = 'timer:inst|ALARM~3'
        Info: 4: + IC(2.338 ns) + CELL(2.322 ns) = 11.125 ns; Loc. = PIN_38; Fanout = 0; PIN Node = 'ALARM'
        Info: Total cell delay = 3.033 ns ( 27.26 % )
        Info: Total interconnect delay = 8.092 ns ( 72.74 % )
Info: Longest tpd from source pin "set_min" to destination pin "ALARM" is 9.686 ns
    Info: 1: + IC(0.000 ns) + CELL(1.132 ns) = 1.132 ns; Loc. = PIN_20; Fanout = 3; PIN Node = 'set_min'
    Info: 2: + IC(3.189 ns) + CELL(0.200 ns) = 4.521 ns; Loc. = LC_X5_Y5_N8; Fanout = 1; COMB Node = 'timer:inst|ALARM~0'
    Info: 3: + IC(0.305 ns) + CELL(0.200 ns) = 5.026 ns; Loc. = LC_X5_Y5_N9; Fanout = 1; COMB Node = 'timer:inst|ALARM~3'
    Info: 4: + IC(2.338 ns) + CELL(2.322 ns) = 9.686 ns; Loc. = PIN_38; Fanout = 0; PIN Node = 'ALARM'
    Info: Total cell delay = 3.854 ns ( 39.79 % )
    Info: Total interconnect delay = 5.832 ns ( 60.21 % )
Info: th for register "timer:inst|HOUR0[3]" (data pin = "set_hour", clock pin = "clk") is -2.486 ns
    Info: + Longest clock path from clock "clk" to destination register is 3.681 ns
        Info: 1: + IC(0.000 ns) + CELL(1.163 ns) = 1.163 ns; Loc. = PIN_12; Fanout = 25; CLK Node = 'clk'
        Info: 2: + IC(1.600 ns) + CELL(0.918 ns) = 3.681 ns; Loc. = LC_X4_Y7_N5; Fanout = 4; REG Node = 'timer:inst|HOUR0[3]'
        Info: Total cell delay = 2.081 ns ( 56.53 % )
        Info: Total interconnect delay = 1.600 ns ( 43.47 % )
    Info: + Micro hold delay of destination is 0.221 ns
    Info: - Shortest pin to register delay is 6.388 ns
        Info: 1: + IC(0.000 ns) + CELL(1.132 ns) = 1.132 ns; Loc. = PIN_15; Fanout = 2; PIN Node = 'set_hour'
        Info: 2: + IC(2.563 ns) + CELL(0.740 ns) = 4.435 ns; Loc. = LC_X4_Y7_N7; Fanout = 8; COMB Node = 'timer:inst|HOUR0~1'
        Info: 3: + IC(0.710 ns) + CELL(1.243 ns) = 6.388 ns; Loc. = LC_X4_Y7_N5; Fanout = 4; REG Node = 'timer:inst|HOUR0[3]'
        Info: Total cell delay = 3.115 ns ( 48.76 % )
        Info: Total interconnect delay = 3.273 ns ( 51.24 % )
Info: Quartus II Classic Timing Analyzer was successful. 0 errors, 1 warning
    Info: Peak virtual memory: 200 megabytes
    Info: Processing ended: Tue May 23 17:01:49 2017
    Info: Elapsed time: 00:00:00
    Info: Total CPU time (on all processors): 00:00:00


