Flow report for timer_VHDL
Tue May 23 14:52:09 2017
Quartus II Version 9.1 Build 222 10/21/2009 SJ Full Version


---------------------
; Table of Contents ;
---------------------
  1. Legal Notice
  2. Flow Summary
  3. Flow Settings
  4. Flow Non-Default Global Settings
  5. Flow Elapsed Time
  6. Flow OS Summary
  7. Flow Log



----------------
; Legal Notice ;
----------------
Copyright (C) 1991-2009 Altera Corporation
Your use of Altera Corporation's design tools, logic functions 
and other software and tools, and its AMPP partner logic 
functions, and any output files from any of the foregoing 
(including device programming or simulation files), and any 
associated documentation or information are expressly subject 
to the terms and conditions of the Altera Program License 
Subscription Agreement, Altera MegaCore Function License 
Agreement, or other applicable license agreement, including, 
without limitation, that your use is for the sole purpose of 
programming logic devices manufactured by Altera and sold by 
Altera or its authorized distributors.  Please refer to the 
applicable agreement for further details.



+--------------------------------------------------------------------+
; Flow Summary                                                       ;
+-------------------------+------------------------------------------+
; Flow Status             ; Successful - Tue May 23 14:52:09 2017    ;
; Quartus II Version      ; 9.1 Build 222 10/21/2009 SJ Full Version ;
; Revision Name           ; timer_VHDL                               ;
; Top-level Entity Name   ; timer_VHDL                               ;
; Family                  ; MAX II                                   ;
; Device                  ; EPM570T100C5                             ;
; Timing Models           ; Final                                    ;
; Met timing requirements ; Yes                                      ;
; Total logic elements    ; 42 / 570 ( 7 % )                         ;
; Total pins              ; 27 / 76 ( 36 % )                         ;
; Total virtual pins      ; 0                                        ;
; UFM blocks              ; 0 / 1 ( 0 % )                            ;
+-------------------------+------------------------------------------+


+-----------------------------------------+
; Flow Settings                           ;
+-------------------+---------------------+
; Option            ; Setting             ;
+-------------------+---------------------+
; Start date & time ; 05/23/2017 14:52:05 ;
; Main task         ; Compilation         ;
; Revision Name     ; timer_VHDL          ;
+-------------------+---------------------+


+-----------------------------------------------------------------------------------------------------------------------------+
; Flow Non-Default Global Settings                                                                                            ;
+---------------------------------------+--------------------------------------+---------------+-------------+----------------+
; Assignment Name                       ; Value                                ; Default Value ; Entity Name ; Section Id     ;
+---------------------------------------+--------------------------------------+---------------+-------------+----------------+
; COMPILER_SIGNATURE_ID                 ; 115410752129008.149552232504252      ; --            ; --          ; --             ;
; MAXII_OPTIMIZATION_TECHNIQUE          ; Speed                                ; Balanced      ; --          ; --             ;
; MAX_CORE_JUNCTION_TEMP                ; 85                                   ; --            ; --          ; --             ;
; MIN_CORE_JUNCTION_TEMP                ; 0                                    ; --            ; --          ; --             ;
; MISC_FILE                             ; F:/quartus/timer_VHDL/timer_VHDL.dpf ; --            ; --          ; --             ;
; POWER_EXT_SUPPLY_VOLTAGE_TO_REGULATOR ; 3.3V                                 ; --            ; --          ; --             ;
; USE_GENERATED_PHYSICAL_CONSTRAINTS    ; Off                                  ; --            ; --          ; eda_blast_fpga ;
+---------------------------------------+--------------------------------------+---------------+-------------+----------------+


+-----------------------------------------------------------------------------------------------------------------------------+
; Flow Elapsed Time                                                                                                           ;
+-------------------------+--------------+-------------------------+---------------------+------------------------------------+
; Module Name             ; Elapsed Time ; Average Processors Used ; Peak Virtual Memory ; Total CPU Time (on all processors) ;
+-------------------------+--------------+-------------------------+---------------------+------------------------------------+
; Analysis & Synthesis    ; 00:00:01     ; 1.0                     ; 260 MB              ; 00:00:02                           ;
; Fitter                  ; 00:00:00     ; 1.0                     ; 270 MB              ; 00:00:01                           ;
; Assembler               ; 00:00:00     ; 1.0                     ; 203 MB              ; 00:00:00                           ;
; Classic Timing Analyzer ; 00:00:00     ; 1.0                     ; 188 MB              ; 00:00:00                           ;
; Total                   ; 00:00:01     ; --                      ; --                  ; 00:00:03                           ;
+-------------------------+--------------+-------------------------+---------------------+------------------------------------+


+------------------------------------------------------------------------------------------+
; Flow OS Summary                                                                          ;
+-------------------------+------------------+---------------+------------+----------------+
; Module Name             ; Machine Hostname ; OS Name       ; OS Version ; Processor type ;
+-------------------------+------------------+---------------+------------+----------------+
; Analysis & Synthesis    ; sususweet        ; Windows Vista ; 6.2        ; x86_64         ;
; Fitter                  ; sususweet        ; Windows Vista ; 6.2        ; x86_64         ;
; Assembler               ; sususweet        ; Windows Vista ; 6.2        ; x86_64         ;
; Classic Timing Analyzer ; sususweet        ; Windows Vista ; 6.2        ; x86_64         ;
+-------------------------+------------------+---------------+------------+----------------+


------------
; Flow Log ;
------------
quartus_map --read_settings_files=on --write_settings_files=off timer_VHDL -c timer_VHDL
quartus_fit --read_settings_files=off --write_settings_files=off timer_VHDL -c timer_VHDL
quartus_asm --read_settings_files=off --write_settings_files=off timer_VHDL -c timer_VHDL
quartus_tan --read_settings_files=off --write_settings_files=off timer_VHDL -c timer_VHDL



